[2020-02-21 18:15:51.162] [renderer1] [error] TreeError [MarkersPanel] Tree element not found: [object Object]: Error: TreeError [MarkersPanel] Tree element not found: [object Object]
    at t.ObjectTreeModel.getElementLocation (file:///usr/share/code/resources/app/out/vs/workbench/workbench.desktop.main.js:132:965)
    at t.ObjectTreeModel.isCollapsed (file:///usr/share/code/resources/app/out/vs/workbench/workbench.desktop.main.js:132:102)
    at z.isCollapsed (file:///usr/share/code/resources/app/out/vs/workbench/workbench.desktop.main.js:1061:208)
    at W.autoReveal (file:///usr/share/code/resources/app/out/vs/workbench/workbench.desktop.main.js:6060:155)
    at W.onActiveEditorChanged (file:///usr/share/code/resources/app/out/vs/workbench/workbench.desktop.main.js:6057:330)
    at file:///usr/share/code/resources/app/out/vs/workbench/workbench.desktop.main.js:6056:162
    at file:///usr/share/code/resources/app/out/vs/workbench/workbench.desktop.main.js:111:275
    at c.fire (file:///usr/share/code/resources/app/out/vs/workbench/workbench.desktop.main.js:114:893)
    at e.doHandleActiveEditorChangeEvent (file:///usr/share/code/resources/app/out/vs/workbench/workbench.desktop.main.js:5522:459)
    at e.handleActiveEditorChange (file:///usr/share/code/resources/app/out/vs/workbench/workbench.desktop.main.js:5522:228)
    at file:///usr/share/code/resources/app/out/vs/workbench/workbench.desktop.main.js:5522:569
    at c.fire (file:///usr/share/code/resources/app/out/vs/workbench/workbench.desktop.main.js:114:893)
    at file:///usr/share/code/resources/app/out/vs/workbench/workbench.desktop.main.js:5692:875
    at async e.openEditor (file:///usr/share/code/resources/app/out/vs/workbench/workbench.desktop.main.js:5691:733)
[2020-02-21 18:16:04.075] [renderer1] [error] TreeError [MarkersPanel] Tree element not found: [object Object]: Error: TreeError [MarkersPanel] Tree element not found: [object Object]
    at t.ObjectTreeModel.getElementLocation (file:///usr/share/code/resources/app/out/vs/workbench/workbench.desktop.main.js:132:965)
    at t.ObjectTreeModel.isCollapsed (file:///usr/share/code/resources/app/out/vs/workbench/workbench.desktop.main.js:132:102)
    at z.isCollapsed (file:///usr/share/code/resources/app/out/vs/workbench/workbench.desktop.main.js:1061:208)
    at W.autoReveal (file:///usr/share/code/resources/app/out/vs/workbench/workbench.desktop.main.js:6060:155)
    at W.onActiveEditorChanged (file:///usr/share/code/resources/app/out/vs/workbench/workbench.desktop.main.js:6057:330)
    at file:///usr/share/code/resources/app/out/vs/workbench/workbench.desktop.main.js:6056:162
    at file:///usr/share/code/resources/app/out/vs/workbench/workbench.desktop.main.js:111:275
    at c.fire (file:///usr/share/code/resources/app/out/vs/workbench/workbench.desktop.main.js:114:893)
    at e.doHandleActiveEditorChangeEvent (file:///usr/share/code/resources/app/out/vs/workbench/workbench.desktop.main.js:5522:459)
    at e.handleActiveEditorChange (file:///usr/share/code/resources/app/out/vs/workbench/workbench.desktop.main.js:5522:228)
    at file:///usr/share/code/resources/app/out/vs/workbench/workbench.desktop.main.js:5522:569
    at c.fire (file:///usr/share/code/resources/app/out/vs/workbench/workbench.desktop.main.js:114:893)
    at file:///usr/share/code/resources/app/out/vs/workbench/workbench.desktop.main.js:5692:875
    at async e.openEditor (file:///usr/share/code/resources/app/out/vs/workbench/workbench.desktop.main.js:5691:733)
