[2020-02-25 16:56:03.994] [exthost] [info] extension host started
[2020-02-25 16:56:04.013] [exthost] [info] ExtensionService#_doActivateExtension vscode.debug-auto-launch {"startup":true,"extensionId":{"value":"vscode.debug-auto-launch","_lower":"vscode.debug-auto-launch"},"activationEvent":"*"}
[2020-02-25 16:56:04.013] [exthost] [info] ExtensionService#loadCommonJSModule file:///usr/share/code/resources/app/extensions/debug-auto-launch/dist/extension
[2020-02-25 16:56:04.029] [exthost] [info] ExtensionService#_doActivateExtension vscode.emmet {"startup":true,"extensionId":{"value":"vscode.emmet","_lower":"vscode.emmet"},"activationEvent":"*"}
[2020-02-25 16:56:04.029] [exthost] [info] ExtensionService#loadCommonJSModule file:///usr/share/code/resources/app/extensions/emmet/dist/extension
[2020-02-25 16:56:04.093] [exthost] [info] ExtensionService#_doActivateExtension vscode.git {"startup":true,"extensionId":{"value":"vscode.git","_lower":"vscode.git"},"activationEvent":"*"}
[2020-02-25 16:56:04.093] [exthost] [info] ExtensionService#loadCommonJSModule file:///usr/share/code/resources/app/extensions/git/dist/main
[2020-02-25 16:56:04.295] [exthost] [info] ExtensionService#_doActivateExtension vscode.merge-conflict {"startup":true,"extensionId":{"value":"vscode.merge-conflict","_lower":"vscode.merge-conflict"},"activationEvent":"*"}
[2020-02-25 16:56:04.295] [exthost] [info] ExtensionService#loadCommonJSModule file:///usr/share/code/resources/app/extensions/merge-conflict/dist/extension
[2020-02-25 16:56:04.315] [exthost] [info] ExtensionService#_doActivateExtension vscode.search-result {"startup":true,"extensionId":{"value":"vscode.search-result","_lower":"vscode.search-result"},"activationEvent":"*"}
[2020-02-25 16:56:04.316] [exthost] [info] ExtensionService#loadCommonJSModule file:///usr/share/code/resources/app/extensions/search-result/dist/extension.js
[2020-02-25 16:56:04.319] [exthost] [info] ExtensionService#_doActivateExtension dbaeumer.vscode-eslint {"startup":true,"extensionId":{"value":"dbaeumer.vscode-eslint","_lower":"dbaeumer.vscode-eslint"},"activationEvent":"*"}
[2020-02-25 16:56:04.320] [exthost] [info] ExtensionService#loadCommonJSModule file:///home/hcalderon/.vscode/extensions/dbaeumer.vscode-eslint-2.1.1/client/out/extension
[2020-02-25 16:56:04.458] [exthost] [info] eager extensions activated
[2020-02-25 16:56:13.723] [exthost] [info] extension host started
[2020-02-25 16:56:13.764] [exthost] [info] ExtensionService#_doActivateExtension vscode.debug-auto-launch {"startup":true,"extensionId":{"value":"vscode.debug-auto-launch","_lower":"vscode.debug-auto-launch"},"activationEvent":"*"}
[2020-02-25 16:56:13.764] [exthost] [info] ExtensionService#loadCommonJSModule file:///usr/share/code/resources/app/extensions/debug-auto-launch/dist/extension
[2020-02-25 16:56:13.767] [exthost] [info] ExtensionService#_doActivateExtension vscode.emmet {"startup":true,"extensionId":{"value":"vscode.emmet","_lower":"vscode.emmet"},"activationEvent":"*"}
[2020-02-25 16:56:13.768] [exthost] [info] ExtensionService#loadCommonJSModule file:///usr/share/code/resources/app/extensions/emmet/dist/extension
[2020-02-25 16:56:13.792] [exthost] [info] ExtensionService#_doActivateExtension vscode.git {"startup":true,"extensionId":{"value":"vscode.git","_lower":"vscode.git"},"activationEvent":"*"}
[2020-02-25 16:56:13.792] [exthost] [info] ExtensionService#loadCommonJSModule file:///usr/share/code/resources/app/extensions/git/dist/main
[2020-02-25 16:56:13.983] [exthost] [info] ExtensionService#_doActivateExtension vscode.merge-conflict {"startup":true,"extensionId":{"value":"vscode.merge-conflict","_lower":"vscode.merge-conflict"},"activationEvent":"*"}
[2020-02-25 16:56:13.983] [exthost] [info] ExtensionService#loadCommonJSModule file:///usr/share/code/resources/app/extensions/merge-conflict/dist/extension
[2020-02-25 16:56:13.995] [exthost] [info] ExtensionService#_doActivateExtension vscode.search-result {"startup":true,"extensionId":{"value":"vscode.search-result","_lower":"vscode.search-result"},"activationEvent":"*"}
[2020-02-25 16:56:13.995] [exthost] [info] ExtensionService#loadCommonJSModule file:///usr/share/code/resources/app/extensions/search-result/dist/extension.js
[2020-02-25 16:56:14.000] [exthost] [info] ExtensionService#_doActivateExtension dbaeumer.vscode-eslint {"startup":true,"extensionId":{"value":"dbaeumer.vscode-eslint","_lower":"dbaeumer.vscode-eslint"},"activationEvent":"*"}
[2020-02-25 16:56:14.000] [exthost] [info] ExtensionService#loadCommonJSModule file:///home/hcalderon/.vscode/extensions/dbaeumer.vscode-eslint-2.1.1/client/out/extension
[2020-02-25 16:56:14.114] [exthost] [info] ExtensionService#_doActivateExtension vscode.npm {"startup":true,"extensionId":{"value":"vscode.npm","_lower":"vscode.npm"},"activationEvent":"workspaceContains:package.json"}
[2020-02-25 16:56:14.114] [exthost] [info] ExtensionService#loadCommonJSModule file:///usr/share/code/resources/app/extensions/npm/dist/main
[2020-02-25 16:56:14.412] [exthost] [info] eager extensions activated
[2020-02-25 16:57:15.105] [exthost] [info] ExtensionService#_doActivateExtension vscode.extension-editing {"startup":false,"extensionId":{"value":"vscode.extension-editing","_lower":"vscode.extension-editing"},"activationEvent":"onLanguage:typescript"}
[2020-02-25 16:57:15.106] [exthost] [info] ExtensionService#loadCommonJSModule file:///usr/share/code/resources/app/extensions/extension-editing/dist/extension
[2020-02-25 16:57:15.311] [exthost] [info] ExtensionService#_doActivateExtension vscode.typescript-language-features {"startup":false,"extensionId":{"value":"vscode.typescript-language-features","_lower":"vscode.typescript-language-features"},"activationEvent":"onLanguage:typescript"}
[2020-02-25 16:57:15.312] [exthost] [info] ExtensionService#loadCommonJSModule file:///usr/share/code/resources/app/extensions/typescript-language-features/dist/extension
[2020-02-25 16:57:19.529] [exthost] [info] ExtensionService#_doActivateExtension vscode.configuration-editing {"startup":false,"extensionId":{"value":"vscode.configuration-editing","_lower":"vscode.configuration-editing"},"activationEvent":"onLanguage:jsonc"}
[2020-02-25 16:57:19.530] [exthost] [info] ExtensionService#loadCommonJSModule file:///usr/share/code/resources/app/extensions/configuration-editing/dist/extension
[2020-02-25 16:57:19.664] [exthost] [info] ExtensionService#_doActivateExtension vscode.json-language-features {"startup":false,"extensionId":{"value":"vscode.json-language-features","_lower":"vscode.json-language-features"},"activationEvent":"onLanguage:jsonc"}
[2020-02-25 16:57:19.664] [exthost] [info] ExtensionService#loadCommonJSModule file:///usr/share/code/resources/app/extensions/json-language-features/client/dist/jsonMain
[2020-02-25 17:03:43.329] [exthost] [error] [vscode.typescript-language-features] provider FAILED
[2020-02-25 17:03:43.335] [exthost] [error] Error: DisposableStore is missing...
	at L._convertCompletionItem (/usr/share/code/resources/app/out/vs/workbench/services/extensions/node/extensionHostProcess.js:584:351)
	at /usr/share/code/resources/app/out/vs/workbench/services/extensions/node/extensionHostProcess.js:583:984
[2020-02-25 17:06:43.874] [exthost] [error] [vscode.typescript-language-features] provider FAILED
[2020-02-25 17:06:43.875] [exthost] [error] Error: DisposableStore is missing...
	at L._convertCompletionItem (/usr/share/code/resources/app/out/vs/workbench/services/extensions/node/extensionHostProcess.js:584:351)
	at /usr/share/code/resources/app/out/vs/workbench/services/extensions/node/extensionHostProcess.js:583:984
[2020-02-25 18:55:33.572] [exthost] [info] ExtensionService#_doActivateExtension vscode.html-language-features {"startup":false,"extensionId":{"value":"vscode.html-language-features","_lower":"vscode.html-language-features"},"activationEvent":"onLanguage:html"}
[2020-02-25 18:55:33.573] [exthost] [info] ExtensionService#loadCommonJSModule file:///usr/share/code/resources/app/extensions/html-language-features/client/dist/htmlMain
