[2020-02-24 22:57:45.353] [renderer1] [error] TreeError [MarkersPanel] Tree element not found: [object Object]: Error: TreeError [MarkersPanel] Tree element not found: [object Object]
    at t.ObjectTreeModel.getElementLocation (file:///usr/share/code/resources/app/out/vs/workbench/workbench.desktop.main.js:132:965)
    at t.ObjectTreeModel.isCollapsed (file:///usr/share/code/resources/app/out/vs/workbench/workbench.desktop.main.js:132:102)
    at z.isCollapsed (file:///usr/share/code/resources/app/out/vs/workbench/workbench.desktop.main.js:1061:208)
    at W.autoReveal (file:///usr/share/code/resources/app/out/vs/workbench/workbench.desktop.main.js:6060:155)
    at W.onActiveEditorChanged (file:///usr/share/code/resources/app/out/vs/workbench/workbench.desktop.main.js:6057:330)
    at file:///usr/share/code/resources/app/out/vs/workbench/workbench.desktop.main.js:6056:162
    at file:///usr/share/code/resources/app/out/vs/workbench/workbench.desktop.main.js:111:275
    at c.fire (file:///usr/share/code/resources/app/out/vs/workbench/workbench.desktop.main.js:114:893)
    at e.doHandleActiveEditorChangeEvent (file:///usr/share/code/resources/app/out/vs/workbench/workbench.desktop.main.js:5522:459)
    at e.handleActiveEditorChange (file:///usr/share/code/resources/app/out/vs/workbench/workbench.desktop.main.js:5522:228)
    at file:///usr/share/code/resources/app/out/vs/workbench/workbench.desktop.main.js:5522:569
    at c.fire (file:///usr/share/code/resources/app/out/vs/workbench/workbench.desktop.main.js:114:893)
    at file:///usr/share/code/resources/app/out/vs/workbench/workbench.desktop.main.js:5692:875
    at async e.openEditor (file:///usr/share/code/resources/app/out/vs/workbench/workbench.desktop.main.js:5691:733)
[2020-02-24 23:09:25.360] [renderer1] [error] TreeError [MarkersPanel] Tree element not found: [object Object]: Error: TreeError [MarkersPanel] Tree element not found: [object Object]
    at t.ObjectTreeModel.getElementLocation (file:///usr/share/code/resources/app/out/vs/workbench/workbench.desktop.main.js:132:965)
    at t.ObjectTreeModel.isCollapsed (file:///usr/share/code/resources/app/out/vs/workbench/workbench.desktop.main.js:132:102)
    at z.isCollapsed (file:///usr/share/code/resources/app/out/vs/workbench/workbench.desktop.main.js:1061:208)
    at W.autoReveal (file:///usr/share/code/resources/app/out/vs/workbench/workbench.desktop.main.js:6060:155)
    at W.onActiveEditorChanged (file:///usr/share/code/resources/app/out/vs/workbench/workbench.desktop.main.js:6057:330)
    at file:///usr/share/code/resources/app/out/vs/workbench/workbench.desktop.main.js:6056:162
    at file:///usr/share/code/resources/app/out/vs/workbench/workbench.desktop.main.js:111:275
    at c.fire (file:///usr/share/code/resources/app/out/vs/workbench/workbench.desktop.main.js:114:893)
    at e.doHandleActiveEditorChangeEvent (file:///usr/share/code/resources/app/out/vs/workbench/workbench.desktop.main.js:5522:459)
    at e.handleActiveEditorChange (file:///usr/share/code/resources/app/out/vs/workbench/workbench.desktop.main.js:5522:228)
    at file:///usr/share/code/resources/app/out/vs/workbench/workbench.desktop.main.js:5522:569
    at c.fire (file:///usr/share/code/resources/app/out/vs/workbench/workbench.desktop.main.js:114:893)
    at file:///usr/share/code/resources/app/out/vs/workbench/workbench.desktop.main.js:5692:875
    at async e.openEditor (file:///usr/share/code/resources/app/out/vs/workbench/workbench.desktop.main.js:5691:733)
[2020-02-24 23:37:42.821] [renderer1] [error] <semantic> TypeScript Server Error (3.7.3)
Debug Failure. Invalid cast. The supplied value [object Object] did not pass the test 'isParameter'.
Error: Debug Failure. Invalid cast. The supplied value [object Object] did not pass the test 'isParameter'.
    at Object.cast (tsserver.js:1349:25)
    at doChange (tsserver.js:121239:40)
    at tsserver.js:121141:109
    at Function.ChangeTracker.with (tsserver.js:119359:17)
    at Object.getCodeActions (tsserver.js:121141:64)
    at tsserver.js:120400:121
    at Object.flatMap (tsserver.js:468:25)
    at Object.getFixes (tsserver.js:120400:23)
    at tsserver.js:131083:35
    at Object.flatMap (tsserver.js:468:25)
    at Object.getCodeFixesAtPosition (tsserver.js:131081:23)
    at IOSession.Session.getCodeFixes (tsserver.js:140736:64)
    at Session.handlers.ts.createMapFromTemplate._a.<computed> (tsserver.js:139521:61)
    at tsserver.js:140929:88
    at IOSession.Session.executeWithRequestId (tsserver.js:140920:28)
    at IOSession.Session.executeCommand (tsserver.js:140929:33)
    at IOSession.Session.onMessage (tsserver.js:140952:35)
    at Interface.<anonymous> (tsserver.js:142267:27)
    at Interface.emit (events.js:200:13)
    at Interface._onLine (readline.js:314:10)
    at Interface._normalWrite (readline.js:459:12)
    at Socket.ondata (readline.js:170:10)
    at Socket.emit (events.js:200:13)
    at addChunk (_stream_readable.js:294:12)
    at readableAddChunk (_stream_readable.js:275:11)
    at Socket.Readable.push (_stream_readable.js:210:10)
    at Pipe.onStreamRead (internal/stream_base_commons.js:166:17): Error: <semantic> TypeScript Server Error (3.7.3)
Debug Failure. Invalid cast. The supplied value [object Object] did not pass the test 'isParameter'.
Error: Debug Failure. Invalid cast. The supplied value [object Object] did not pass the test 'isParameter'.
    at Object.cast (tsserver.js:1349:25)
    at doChange (tsserver.js:121239:40)
    at tsserver.js:121141:109
    at Function.ChangeTracker.with (tsserver.js:119359:17)
    at Object.getCodeActions (tsserver.js:121141:64)
    at tsserver.js:120400:121
    at Object.flatMap (tsserver.js:468:25)
    at Object.getFixes (tsserver.js:120400:23)
    at tsserver.js:131083:35
    at Object.flatMap (tsserver.js:468:25)
    at Object.getCodeFixesAtPosition (tsserver.js:131081:23)
    at IOSession.Session.getCodeFixes (tsserver.js:140736:64)
    at Session.handlers.ts.createMapFromTemplate._a.<computed> (tsserver.js:139521:61)
    at tsserver.js:140929:88
    at IOSession.Session.executeWithRequestId (tsserver.js:140920:28)
    at IOSession.Session.executeCommand (tsserver.js:140929:33)
    at IOSession.Session.onMessage (tsserver.js:140952:35)
    at Interface.<anonymous> (tsserver.js:142267:27)
    at Interface.emit (events.js:200:13)
    at Interface._onLine (readline.js:314:10)
    at Interface._normalWrite (readline.js:459:12)
    at Socket.ondata (readline.js:170:10)
    at Socket.emit (events.js:200:13)
    at addChunk (_stream_readable.js:294:12)
    at readableAddChunk (_stream_readable.js:275:11)
    at Socket.Readable.push (_stream_readable.js:210:10)
    at Pipe.onStreamRead (internal/stream_base_commons.js:166:17)
	at Function.create (/usr/share/code/resources/app/extensions/typescript-language-features/dist/extension.js:1:47388)
	at h.dispatchResponse (/usr/share/code/resources/app/extensions/typescript-language-features/dist/extension.js:1:206557)
	at h.dispatchMessage (/usr/share/code/resources/app/extensions/typescript-language-features/dist/extension.js:1:205455)
	at /usr/share/code/resources/app/extensions/typescript-language-features/dist/extension.js:1:204931
	at l.fire (/usr/share/code/resources/app/out/vs/workbench/services/extensions/node/extensionHostProcess.js:46:893)
	at t.Reader.onLengthData (/usr/share/code/resources/app/extensions/typescript-language-features/dist/extension.js:1:212021)
	at Socket.<anonymous> (/usr/share/code/resources/app/extensions/typescript-language-features/dist/extension.js:1:211669)
	at Socket.emit (events.js:200:13)
	at addChunk (_stream_readable.js:294:12)
	at readableAddChunk (_stream_readable.js:275:11)
	at Socket.Readable.push (_stream_readable.js:210:10)
	at Pipe.onStreamRead (internal/stream_base_commons.js:166:17)
[2020-02-24 23:41:27.878] [renderer1] [error] TreeError [MarkersPanel] Tree element not found: [object Object]: Error: TreeError [MarkersPanel] Tree element not found: [object Object]
    at t.ObjectTreeModel.getElementLocation (file:///usr/share/code/resources/app/out/vs/workbench/workbench.desktop.main.js:132:965)
    at t.ObjectTreeModel.isCollapsed (file:///usr/share/code/resources/app/out/vs/workbench/workbench.desktop.main.js:132:102)
    at z.isCollapsed (file:///usr/share/code/resources/app/out/vs/workbench/workbench.desktop.main.js:1061:208)
    at W.autoReveal (file:///usr/share/code/resources/app/out/vs/workbench/workbench.desktop.main.js:6060:155)
    at W.onActiveEditorChanged (file:///usr/share/code/resources/app/out/vs/workbench/workbench.desktop.main.js:6057:330)
    at file:///usr/share/code/resources/app/out/vs/workbench/workbench.desktop.main.js:6056:162
    at file:///usr/share/code/resources/app/out/vs/workbench/workbench.desktop.main.js:111:275
    at c.fire (file:///usr/share/code/resources/app/out/vs/workbench/workbench.desktop.main.js:114:893)
    at e.doHandleActiveEditorChangeEvent (file:///usr/share/code/resources/app/out/vs/workbench/workbench.desktop.main.js:5522:459)
    at e.handleActiveEditorChange (file:///usr/share/code/resources/app/out/vs/workbench/workbench.desktop.main.js:5522:228)
    at file:///usr/share/code/resources/app/out/vs/workbench/workbench.desktop.main.js:5522:569
    at c.fire (file:///usr/share/code/resources/app/out/vs/workbench/workbench.desktop.main.js:114:893)
    at file:///usr/share/code/resources/app/out/vs/workbench/workbench.desktop.main.js:5692:875
    at async e.openEditor (file:///usr/share/code/resources/app/out/vs/workbench/workbench.desktop.main.js:5691:733)
[2020-02-24 23:42:46.915] [renderer1] [error] TreeError [MarkersPanel] Tree element not found: [object Object]: Error: TreeError [MarkersPanel] Tree element not found: [object Object]
    at t.ObjectTreeModel.getElementLocation (file:///usr/share/code/resources/app/out/vs/workbench/workbench.desktop.main.js:132:965)
    at t.ObjectTreeModel.isCollapsed (file:///usr/share/code/resources/app/out/vs/workbench/workbench.desktop.main.js:132:102)
    at z.isCollapsed (file:///usr/share/code/resources/app/out/vs/workbench/workbench.desktop.main.js:1061:208)
    at W.autoReveal (file:///usr/share/code/resources/app/out/vs/workbench/workbench.desktop.main.js:6060:155)
    at W.onActiveEditorChanged (file:///usr/share/code/resources/app/out/vs/workbench/workbench.desktop.main.js:6057:330)
    at file:///usr/share/code/resources/app/out/vs/workbench/workbench.desktop.main.js:6056:162
    at file:///usr/share/code/resources/app/out/vs/workbench/workbench.desktop.main.js:111:275
    at c.fire (file:///usr/share/code/resources/app/out/vs/workbench/workbench.desktop.main.js:114:893)
    at e.doHandleActiveEditorChangeEvent (file:///usr/share/code/resources/app/out/vs/workbench/workbench.desktop.main.js:5522:459)
    at e.handleActiveEditorChange (file:///usr/share/code/resources/app/out/vs/workbench/workbench.desktop.main.js:5522:228)
    at file:///usr/share/code/resources/app/out/vs/workbench/workbench.desktop.main.js:5522:569
    at c.fire (file:///usr/share/code/resources/app/out/vs/workbench/workbench.desktop.main.js:114:893)
    at file:///usr/share/code/resources/app/out/vs/workbench/workbench.desktop.main.js:5692:875
    at async e.openEditor (file:///usr/share/code/resources/app/out/vs/workbench/workbench.desktop.main.js:5691:733)
