[2020-02-24 22:22:36.875] [exthost] [info] extension host started
[2020-02-24 22:22:36.903] [exthost] [info] ExtensionService#_doActivateExtension vscode.debug-auto-launch {"startup":true,"extensionId":{"value":"vscode.debug-auto-launch","_lower":"vscode.debug-auto-launch"},"activationEvent":"*"}
[2020-02-24 22:22:36.903] [exthost] [info] ExtensionService#loadCommonJSModule file:///usr/share/code/resources/app/extensions/debug-auto-launch/dist/extension
[2020-02-24 22:22:36.911] [exthost] [info] ExtensionService#_doActivateExtension vscode.emmet {"startup":true,"extensionId":{"value":"vscode.emmet","_lower":"vscode.emmet"},"activationEvent":"*"}
[2020-02-24 22:22:36.912] [exthost] [info] ExtensionService#loadCommonJSModule file:///usr/share/code/resources/app/extensions/emmet/dist/extension
[2020-02-24 22:22:36.939] [exthost] [info] ExtensionService#_doActivateExtension vscode.git {"startup":true,"extensionId":{"value":"vscode.git","_lower":"vscode.git"},"activationEvent":"*"}
[2020-02-24 22:22:36.939] [exthost] [info] ExtensionService#loadCommonJSModule file:///usr/share/code/resources/app/extensions/git/dist/main
[2020-02-24 22:22:36.980] [exthost] [info] ExtensionService#_doActivateExtension vscode.merge-conflict {"startup":true,"extensionId":{"value":"vscode.merge-conflict","_lower":"vscode.merge-conflict"},"activationEvent":"*"}
[2020-02-24 22:22:36.980] [exthost] [info] ExtensionService#loadCommonJSModule file:///usr/share/code/resources/app/extensions/merge-conflict/dist/extension
[2020-02-24 22:22:36.983] [exthost] [info] ExtensionService#_doActivateExtension vscode.search-result {"startup":true,"extensionId":{"value":"vscode.search-result","_lower":"vscode.search-result"},"activationEvent":"*"}
[2020-02-24 22:22:36.983] [exthost] [info] ExtensionService#loadCommonJSModule file:///usr/share/code/resources/app/extensions/search-result/dist/extension.js
[2020-02-24 22:22:36.984] [exthost] [info] ExtensionService#_doActivateExtension dbaeumer.vscode-eslint {"startup":true,"extensionId":{"value":"dbaeumer.vscode-eslint","_lower":"dbaeumer.vscode-eslint"},"activationEvent":"*"}
[2020-02-24 22:22:36.984] [exthost] [info] ExtensionService#loadCommonJSModule file:///home/hcalderon/.vscode/extensions/dbaeumer.vscode-eslint-2.1.1/client/out/extension
[2020-02-24 22:22:36.996] [exthost] [info] eager extensions activated
[2020-02-24 22:22:39.802] [exthost] [info] ExtensionService#_doActivateExtension vscode.configuration-editing {"startup":false,"extensionId":{"value":"vscode.configuration-editing","_lower":"vscode.configuration-editing"},"activationEvent":"onLanguage:jsonc"}
[2020-02-24 22:22:39.802] [exthost] [info] ExtensionService#loadCommonJSModule file:///usr/share/code/resources/app/extensions/configuration-editing/dist/extension
[2020-02-24 22:22:39.806] [exthost] [info] ExtensionService#_doActivateExtension vscode.json-language-features {"startup":false,"extensionId":{"value":"vscode.json-language-features","_lower":"vscode.json-language-features"},"activationEvent":"onLanguage:jsonc"}
[2020-02-24 22:22:39.806] [exthost] [info] ExtensionService#loadCommonJSModule file:///usr/share/code/resources/app/extensions/json-language-features/client/dist/jsonMain
[2020-02-24 22:22:39.832] [exthost] [info] ExtensionService#_doActivateExtension vscode.typescript-language-features {"startup":false,"extensionId":{"value":"vscode.typescript-language-features","_lower":"vscode.typescript-language-features"},"activationEvent":"onLanguage:jsonc"}
[2020-02-24 22:22:39.832] [exthost] [info] ExtensionService#loadCommonJSModule file:///usr/share/code/resources/app/extensions/typescript-language-features/dist/extension
[2020-02-24 22:22:52.927] [exthost] [info] extension host started
[2020-02-24 22:22:52.958] [exthost] [info] ExtensionService#_doActivateExtension vscode.debug-auto-launch {"startup":true,"extensionId":{"value":"vscode.debug-auto-launch","_lower":"vscode.debug-auto-launch"},"activationEvent":"*"}
[2020-02-24 22:22:52.958] [exthost] [info] ExtensionService#loadCommonJSModule file:///usr/share/code/resources/app/extensions/debug-auto-launch/dist/extension
[2020-02-24 22:22:52.962] [exthost] [info] ExtensionService#_doActivateExtension vscode.emmet {"startup":true,"extensionId":{"value":"vscode.emmet","_lower":"vscode.emmet"},"activationEvent":"*"}
[2020-02-24 22:22:52.962] [exthost] [info] ExtensionService#loadCommonJSModule file:///usr/share/code/resources/app/extensions/emmet/dist/extension
[2020-02-24 22:22:52.980] [exthost] [info] ExtensionService#_doActivateExtension vscode.git {"startup":true,"extensionId":{"value":"vscode.git","_lower":"vscode.git"},"activationEvent":"*"}
[2020-02-24 22:22:52.980] [exthost] [info] ExtensionService#loadCommonJSModule file:///usr/share/code/resources/app/extensions/git/dist/main
[2020-02-24 22:22:52.993] [exthost] [info] ExtensionService#_doActivateExtension vscode.merge-conflict {"startup":true,"extensionId":{"value":"vscode.merge-conflict","_lower":"vscode.merge-conflict"},"activationEvent":"*"}
[2020-02-24 22:22:52.993] [exthost] [info] ExtensionService#loadCommonJSModule file:///usr/share/code/resources/app/extensions/merge-conflict/dist/extension
[2020-02-24 22:22:52.994] [exthost] [info] ExtensionService#_doActivateExtension vscode.search-result {"startup":true,"extensionId":{"value":"vscode.search-result","_lower":"vscode.search-result"},"activationEvent":"*"}
[2020-02-24 22:22:52.994] [exthost] [info] ExtensionService#loadCommonJSModule file:///usr/share/code/resources/app/extensions/search-result/dist/extension.js
[2020-02-24 22:22:52.995] [exthost] [info] ExtensionService#_doActivateExtension dbaeumer.vscode-eslint {"startup":true,"extensionId":{"value":"dbaeumer.vscode-eslint","_lower":"dbaeumer.vscode-eslint"},"activationEvent":"*"}
[2020-02-24 22:22:52.995] [exthost] [info] ExtensionService#loadCommonJSModule file:///home/hcalderon/.vscode/extensions/dbaeumer.vscode-eslint-2.1.1/client/out/extension
[2020-02-24 22:22:53.022] [exthost] [info] ExtensionService#_doActivateExtension vscode.npm {"startup":true,"extensionId":{"value":"vscode.npm","_lower":"vscode.npm"},"activationEvent":"workspaceContains:package.json"}
[2020-02-24 22:22:53.022] [exthost] [info] ExtensionService#loadCommonJSModule file:///usr/share/code/resources/app/extensions/npm/dist/main
[2020-02-24 22:22:53.060] [exthost] [info] eager extensions activated
[2020-02-24 22:23:17.828] [exthost] [info] ExtensionService#_doActivateExtension vscode.extension-editing {"startup":false,"extensionId":{"value":"vscode.extension-editing","_lower":"vscode.extension-editing"},"activationEvent":"onLanguage:typescript"}
[2020-02-24 22:23:17.828] [exthost] [info] ExtensionService#loadCommonJSModule file:///usr/share/code/resources/app/extensions/extension-editing/dist/extension
[2020-02-24 22:23:17.839] [exthost] [info] ExtensionService#_doActivateExtension vscode.typescript-language-features {"startup":false,"extensionId":{"value":"vscode.typescript-language-features","_lower":"vscode.typescript-language-features"},"activationEvent":"onLanguage:typescript"}
[2020-02-24 22:23:17.840] [exthost] [info] ExtensionService#loadCommonJSModule file:///usr/share/code/resources/app/extensions/typescript-language-features/dist/extension
[2020-02-24 22:23:22.371] [exthost] [info] ExtensionService#_doActivateExtension vscode.configuration-editing {"startup":false,"extensionId":{"value":"vscode.configuration-editing","_lower":"vscode.configuration-editing"},"activationEvent":"onLanguage:jsonc"}
[2020-02-24 22:23:22.371] [exthost] [info] ExtensionService#loadCommonJSModule file:///usr/share/code/resources/app/extensions/configuration-editing/dist/extension
[2020-02-24 22:23:22.372] [exthost] [info] ExtensionService#_doActivateExtension vscode.json-language-features {"startup":false,"extensionId":{"value":"vscode.json-language-features","_lower":"vscode.json-language-features"},"activationEvent":"onLanguage:jsonc"}
[2020-02-24 22:23:22.373] [exthost] [info] ExtensionService#loadCommonJSModule file:///usr/share/code/resources/app/extensions/json-language-features/client/dist/jsonMain
[2020-02-24 22:49:34.833] [exthost] [info] ExtensionService#_doActivateExtension vscode.html-language-features {"startup":false,"extensionId":{"value":"vscode.html-language-features","_lower":"vscode.html-language-features"},"activationEvent":"onLanguage:html"}
[2020-02-24 22:49:34.834] [exthost] [info] ExtensionService#loadCommonJSModule file:///usr/share/code/resources/app/extensions/html-language-features/client/dist/htmlMain
[2020-02-24 23:37:42.817] [exthost] [error] [vscode.typescript-language-features] provider FAILED
[2020-02-24 23:37:42.819] [exthost] [error] Error: <semantic> TypeScript Server Error (3.7.3)
Debug Failure. Invalid cast. The supplied value [object Object] did not pass the test 'isParameter'.
Error: Debug Failure. Invalid cast. The supplied value [object Object] did not pass the test 'isParameter'.
    at Object.cast (tsserver.js:1349:25)
    at doChange (tsserver.js:121239:40)
    at tsserver.js:121141:109
    at Function.ChangeTracker.with (tsserver.js:119359:17)
    at Object.getCodeActions (tsserver.js:121141:64)
    at tsserver.js:120400:121
    at Object.flatMap (tsserver.js:468:25)
    at Object.getFixes (tsserver.js:120400:23)
    at tsserver.js:131083:35
    at Object.flatMap (tsserver.js:468:25)
    at Object.getCodeFixesAtPosition (tsserver.js:131081:23)
    at IOSession.Session.getCodeFixes (tsserver.js:140736:64)
    at Session.handlers.ts.createMapFromTemplate._a.<computed> (tsserver.js:139521:61)
    at tsserver.js:140929:88
    at IOSession.Session.executeWithRequestId (tsserver.js:140920:28)
    at IOSession.Session.executeCommand (tsserver.js:140929:33)
    at IOSession.Session.onMessage (tsserver.js:140952:35)
    at Interface.<anonymous> (tsserver.js:142267:27)
    at Interface.emit (events.js:200:13)
    at Interface._onLine (readline.js:314:10)
    at Interface._normalWrite (readline.js:459:12)
    at Socket.ondata (readline.js:170:10)
    at Socket.emit (events.js:200:13)
    at addChunk (_stream_readable.js:294:12)
    at readableAddChunk (_stream_readable.js:275:11)
    at Socket.Readable.push (_stream_readable.js:210:10)
    at Pipe.onStreamRead (internal/stream_base_commons.js:166:17)
	at Function.create (/usr/share/code/resources/app/extensions/typescript-language-features/dist/extension.js:1:47388)
	at h.dispatchResponse (/usr/share/code/resources/app/extensions/typescript-language-features/dist/extension.js:1:206557)
	at h.dispatchMessage (/usr/share/code/resources/app/extensions/typescript-language-features/dist/extension.js:1:205455)
	at /usr/share/code/resources/app/extensions/typescript-language-features/dist/extension.js:1:204931
	at l.fire (/usr/share/code/resources/app/out/vs/workbench/services/extensions/node/extensionHostProcess.js:46:893)
	at t.Reader.onLengthData (/usr/share/code/resources/app/extensions/typescript-language-features/dist/extension.js:1:212021)
	at Socket.<anonymous> (/usr/share/code/resources/app/extensions/typescript-language-features/dist/extension.js:1:211669)
	at Socket.emit (events.js:200:13)
	at addChunk (_stream_readable.js:294:12)
	at readableAddChunk (_stream_readable.js:275:11)
	at Socket.Readable.push (_stream_readable.js:210:10)
	at Pipe.onStreamRead (internal/stream_base_commons.js:166:17)
[2020-02-24 23:41:34.511] [exthost] [error] [vscode.typescript-language-features] provider FAILED
[2020-02-24 23:41:34.511] [exthost] [error] Error: DisposableStore is missing...
	at L._convertCompletionItem (/usr/share/code/resources/app/out/vs/workbench/services/extensions/node/extensionHostProcess.js:584:351)
	at /usr/share/code/resources/app/out/vs/workbench/services/extensions/node/extensionHostProcess.js:583:984
