[Info  - 6:41:17 PM] ESLint server stopped.
[Info  - 6:41:19 PM] ESLint server running in node v12.4.0
[Info  - 6:41:19 PM] ESLint server is running.
[Info  - 6:41:45 PM] ESLint library loaded from: /usr/local/lib/node_modules/eslint/lib/api.js
(node:4263) UnhandledPromiseRejectionWarning: Error: No ESLint configuration found.
    at Config.getLocalConfigHierarchy (/usr/local/lib/node_modules/eslint/lib/config.js:255:39)
    at Config.getConfigHierarchy (/usr/local/lib/node_modules/eslint/lib/config.js:179:43)
    at Config.getConfigVector (/usr/local/lib/node_modules/eslint/lib/config.js:286:21)
    at Config.getConfig (/usr/local/lib/node_modules/eslint/lib/config.js:329:29)
    at CLIEngine.getConfigForFile (/usr/local/lib/node_modules/eslint/lib/cli-engine.js:628:29)
    at /home/hcalderon/.vscode/extensions/dbaeumer.vscode-eslint-2.1.1/server/out/eslintServer.js:1:34933
    at ce (/home/hcalderon/.vscode/extensions/dbaeumer.vscode-eslint-2.1.1/server/out/eslintServer.js:1:44086)
    at f.then.r.validate (/home/hcalderon/.vscode/extensions/dbaeumer.vscode-eslint-2.1.1/server/out/eslintServer.js:1:34887)
    at processTicksAndRejections (internal/process/task_queues.js:89:5)
(node:4263) UnhandledPromiseRejectionWarning: Error: No ESLint configuration found.
    at Config.getLocalConfigHierarchy (/usr/local/lib/node_modules/eslint/lib/config.js:255:39)
    at Config.getConfigHierarchy (/usr/local/lib/node_modules/eslint/lib/config.js:179:43)
    at Config.getConfigVector (/usr/local/lib/node_modules/eslint/lib/config.js:286:21)
    at Config.getConfig (/usr/local/lib/node_modules/eslint/lib/config.js:329:29)
    at CLIEngine.getConfigForFile (/usr/local/lib/node_modules/eslint/lib/cli-engine.js:628:29)
    at /home/hcalderon/.vscode/extensions/dbaeumer.vscode-eslint-2.1.1/server/out/eslintServer.js:1:34933
    at ce (/home/hcalderon/.vscode/extensions/dbaeumer.vscode-eslint-2.1.1/server/out/eslintServer.js:1:44086)
    at f.then.r.validate (/home/hcalderon/.vscode/extensions/dbaeumer.vscode-eslint-2.1.1/server/out/eslintServer.js:1:34887)
    at processTicksAndRejections (internal/process/task_queues.js:89:5)
(node:4263) UnhandledPromiseRejectionWarning: Unhandled promise rejection. This error originated either by throwing inside of an async function without a catch block, or by rejecting a promise which was not handled with .catch(). (rejection id: 1)
(node:4263) UnhandledPromiseRejectionWarning: Unhandled promise rejection. This error originated either by throwing inside of an async function without a catch block, or by rejecting a promise which was not handled with .catch(). (rejection id: 1)
(node:4263) [DEP0018] DeprecationWarning: Unhandled promise rejections are deprecated. In the future, promise rejections that are not handled will terminate the Node.js process with a non-zero exit code.
(node:4263) [DEP0018] DeprecationWarning: Unhandled promise rejections are deprecated. In the future, promise rejections that are not handled will terminate the Node.js process with a non-zero exit code.
(node:4263) UnhandledPromiseRejectionWarning: Error: No ESLint configuration found.
    at Config.getLocalConfigHierarchy (/usr/local/lib/node_modules/eslint/lib/config.js:255:39)
    at Config.getConfigHierarchy (/usr/local/lib/node_modules/eslint/lib/config.js:179:43)
    at Config.getConfigVector (/usr/local/lib/node_modules/eslint/lib/config.js:286:21)
    at Config.getConfig (/usr/local/lib/node_modules/eslint/lib/config.js:329:29)
    at CLIEngine.getConfigForFile (/usr/local/lib/node_modules/eslint/lib/cli-engine.js:628:29)
    at /home/hcalderon/.vscode/extensions/dbaeumer.vscode-eslint-2.1.1/server/out/eslintServer.js:1:34933
    at ce (/home/hcalderon/.vscode/extensions/dbaeumer.vscode-eslint-2.1.1/server/out/eslintServer.js:1:44086)
    at f.then.r.validate (/home/hcalderon/.vscode/extensions/dbaeumer.vscode-eslint-2.1.1/server/out/eslintServer.js:1:34887)
    at processTicksAndRejections (internal/process/task_queues.js:89:5)
(node:4263) UnhandledPromiseRejectionWarning: Error: No ESLint configuration found.
    at Config.getLocalConfigHierarchy (/usr/local/lib/node_modules/eslint/lib/config.js:255:39)
    at Config.getConfigHierarchy (/usr/local/lib/node_modules/eslint/lib/config.js:179:43)
    at Config.getConfigVector (/usr/local/lib/node_modules/eslint/lib/config.js:286:21)
    at Config.getConfig (/usr/local/lib/node_modules/eslint/lib/config.js:329:29)
    at CLIEngine.getConfigForFile (/usr/local/lib/node_modules/eslint/lib/cli-engine.js:628:29)
    at /home/hcalderon/.vscode/extensions/dbaeumer.vscode-eslint-2.1.1/server/out/eslintServer.js:1:34933
    at ce (/home/hcalderon/.vscode/extensions/dbaeumer.vscode-eslint-2.1.1/server/out/eslintServer.js:1:44086)
    at f.then.r.validate (/home/hcalderon/.vscode/extensions/dbaeumer.vscode-eslint-2.1.1/server/out/eslintServer.js:1:34887)
    at processTicksAndRejections (internal/process/task_queues.js:89:5)
(node:4263) UnhandledPromiseRejectionWarning: Unhandled promise rejection. This error originated either by throwing inside of an async function without a catch block, or by rejecting a promise which was not handled with .catch(). (rejection id: 2)
(node:4263) UnhandledPromiseRejectionWarning: Unhandled promise rejection. This error originated either by throwing inside of an async function without a catch block, or by rejecting a promise which was not handled with .catch(). (rejection id: 2)
(node:4263) UnhandledPromiseRejectionWarning: Error: No ESLint configuration found.
    at Config.getLocalConfigHierarchy (/usr/local/lib/node_modules/eslint/lib/config.js:255:39)
    at Config.getConfigHierarchy (/usr/local/lib/node_modules/eslint/lib/config.js:179:43)
    at Config.getConfigVector (/usr/local/lib/node_modules/eslint/lib/config.js:286:21)
    at Config.getConfig (/usr/local/lib/node_modules/eslint/lib/config.js:329:29)
    at CLIEngine.getConfigForFile (/usr/local/lib/node_modules/eslint/lib/cli-engine.js:628:29)
    at /home/hcalderon/.vscode/extensions/dbaeumer.vscode-eslint-2.1.1/server/out/eslintServer.js:1:34933
    at ce (/home/hcalderon/.vscode/extensions/dbaeumer.vscode-eslint-2.1.1/server/out/eslintServer.js:1:44086)
    at f.then.r.validate (/home/hcalderon/.vscode/extensions/dbaeumer.vscode-eslint-2.1.1/server/out/eslintServer.js:1:34887)
    at processTicksAndRejections (internal/process/task_queues.js:89:5)
(node:4263) UnhandledPromiseRejectionWarning: Error: No ESLint configuration found.
    at Config.getLocalConfigHierarchy (/usr/local/lib/node_modules/eslint/lib/config.js:255:39)
    at Config.getConfigHierarchy (/usr/local/lib/node_modules/eslint/lib/config.js:179:43)
    at Config.getConfigVector (/usr/local/lib/node_modules/eslint/lib/config.js:286:21)
    at Config.getConfig (/usr/local/lib/node_modules/eslint/lib/config.js:329:29)
    at CLIEngine.getConfigForFile (/usr/local/lib/node_modules/eslint/lib/cli-engine.js:628:29)
    at /home/hcalderon/.vscode/extensions/dbaeumer.vscode-eslint-2.1.1/server/out/eslintServer.js:1:34933
    at ce (/home/hcalderon/.vscode/extensions/dbaeumer.vscode-eslint-2.1.1/server/out/eslintServer.js:1:44086)
    at f.then.r.validate (/home/hcalderon/.vscode/extensions/dbaeumer.vscode-eslint-2.1.1/server/out/eslintServer.js:1:34887)
    at processTicksAndRejections (internal/process/task_queues.js:89:5)
(node:4263) UnhandledPromiseRejectionWarning: Unhandled promise rejection. This error originated either by throwing inside of an async function without a catch block, or by rejecting a promise which was not handled with .catch(). (rejection id: 3)
(node:4263) UnhandledPromiseRejectionWarning: Unhandled promise rejection. This error originated either by throwing inside of an async function without a catch block, or by rejecting a promise which was not handled with .catch(). (rejection id: 3)
(node:4263) UnhandledPromiseRejectionWarning: Error: No ESLint configuration found.
    at Config.getLocalConfigHierarchy (/usr/local/lib/node_modules/eslint/lib/config.js:255:39)
    at Config.getConfigHierarchy (/usr/local/lib/node_modules/eslint/lib/config.js:179:43)
    at Config.getConfigVector (/usr/local/lib/node_modules/eslint/lib/config.js:286:21)
    at Config.getConfig (/usr/local/lib/node_modules/eslint/lib/config.js:329:29)
    at CLIEngine.getConfigForFile (/usr/local/lib/node_modules/eslint/lib/cli-engine.js:628:29)
    at /home/hcalderon/.vscode/extensions/dbaeumer.vscode-eslint-2.1.1/server/out/eslintServer.js:1:34933
    at ce (/home/hcalderon/.vscode/extensions/dbaeumer.vscode-eslint-2.1.1/server/out/eslintServer.js:1:44086)
    at f.then.r.validate (/home/hcalderon/.vscode/extensions/dbaeumer.vscode-eslint-2.1.1/server/out/eslintServer.js:1:34887)
    at processTicksAndRejections (internal/process/task_queues.js:89:5)
(node:4263) UnhandledPromiseRejectionWarning: Error: No ESLint configuration found.
    at Config.getLocalConfigHierarchy (/usr/local/lib/node_modules/eslint/lib/config.js:255:39)
    at Config.getConfigHierarchy (/usr/local/lib/node_modules/eslint/lib/config.js:179:43)
    at Config.getConfigVector (/usr/local/lib/node_modules/eslint/lib/config.js:286:21)
    at Config.getConfig (/usr/local/lib/node_modules/eslint/lib/config.js:329:29)
    at CLIEngine.getConfigForFile (/usr/local/lib/node_modules/eslint/lib/cli-engine.js:628:29)
    at /home/hcalderon/.vscode/extensions/dbaeumer.vscode-eslint-2.1.1/server/out/eslintServer.js:1:34933
    at ce (/home/hcalderon/.vscode/extensions/dbaeumer.vscode-eslint-2.1.1/server/out/eslintServer.js:1:44086)
    at f.then.r.validate (/home/hcalderon/.vscode/extensions/dbaeumer.vscode-eslint-2.1.1/server/out/eslintServer.js:1:34887)
    at processTicksAndRejections (internal/process/task_queues.js:89:5)
(node:4263) UnhandledPromiseRejectionWarning: Unhandled promise rejection. This error originated either by throwing inside of an async function without a catch block, or by rejecting a promise which was not handled with .catch(). (rejection id: 4)
(node:4263) UnhandledPromiseRejectionWarning: Unhandled promise rejection. This error originated either by throwing inside of an async function without a catch block, or by rejecting a promise which was not handled with .catch(). (rejection id: 4)
(node:4263) UnhandledPromiseRejectionWarning: Error: No ESLint configuration found.
    at Config.getLocalConfigHierarchy (/usr/local/lib/node_modules/eslint/lib/config.js:255:39)
    at Config.getConfigHierarchy (/usr/local/lib/node_modules/eslint/lib/config.js:179:43)
    at Config.getConfigVector (/usr/local/lib/node_modules/eslint/lib/config.js:286:21)
    at Config.getConfig (/usr/local/lib/node_modules/eslint/lib/config.js:329:29)
    at CLIEngine.getConfigForFile (/usr/local/lib/node_modules/eslint/lib/cli-engine.js:628:29)
    at /home/hcalderon/.vscode/extensions/dbaeumer.vscode-eslint-2.1.1/server/out/eslintServer.js:1:34933
    at ce (/home/hcalderon/.vscode/extensions/dbaeumer.vscode-eslint-2.1.1/server/out/eslintServer.js:1:44086)
    at f.then.r.validate (/home/hcalderon/.vscode/extensions/dbaeumer.vscode-eslint-2.1.1/server/out/eslintServer.js:1:34887)
    at processTicksAndRejections (internal/process/task_queues.js:89:5)
(node:4263) UnhandledPromiseRejectionWarning: Error: No ESLint configuration found.
    at Config.getLocalConfigHierarchy (/usr/local/lib/node_modules/eslint/lib/config.js:255:39)
    at Config.getConfigHierarchy (/usr/local/lib/node_modules/eslint/lib/config.js:179:43)
    at Config.getConfigVector (/usr/local/lib/node_modules/eslint/lib/config.js:286:21)
    at Config.getConfig (/usr/local/lib/node_modules/eslint/lib/config.js:329:29)
    at CLIEngine.getConfigForFile (/usr/local/lib/node_modules/eslint/lib/cli-engine.js:628:29)
    at /home/hcalderon/.vscode/extensions/dbaeumer.vscode-eslint-2.1.1/server/out/eslintServer.js:1:34933
    at ce (/home/hcalderon/.vscode/extensions/dbaeumer.vscode-eslint-2.1.1/server/out/eslintServer.js:1:44086)
    at f.then.r.validate (/home/hcalderon/.vscode/extensions/dbaeumer.vscode-eslint-2.1.1/server/out/eslintServer.js:1:34887)
    at processTicksAndRejections (internal/process/task_queues.js:89:5)
(node:4263) UnhandledPromiseRejectionWarning: Unhandled promise rejection. This error originated either by throwing inside of an async function without a catch block, or by rejecting a promise which was not handled with .catch(). (rejection id: 5)
(node:4263) UnhandledPromiseRejectionWarning: Unhandled promise rejection. This error originated either by throwing inside of an async function without a catch block, or by rejecting a promise which was not handled with .catch(). (rejection id: 5)
(node:4263) UnhandledPromiseRejectionWarning: Error: No ESLint configuration found.
    at Config.getLocalConfigHierarchy (/usr/local/lib/node_modules/eslint/lib/config.js:255:39)
    at Config.getConfigHierarchy (/usr/local/lib/node_modules/eslint/lib/config.js:179:43)
    at Config.getConfigVector (/usr/local/lib/node_modules/eslint/lib/config.js:286:21)
    at Config.getConfig (/usr/local/lib/node_modules/eslint/lib/config.js:329:29)
    at CLIEngine.getConfigForFile (/usr/local/lib/node_modules/eslint/lib/cli-engine.js:628:29)
    at /home/hcalderon/.vscode/extensions/dbaeumer.vscode-eslint-2.1.1/server/out/eslintServer.js:1:34933
    at ce (/home/hcalderon/.vscode/extensions/dbaeumer.vscode-eslint-2.1.1/server/out/eslintServer.js:1:44086)
    at f.then.r.validate (/home/hcalderon/.vscode/extensions/dbaeumer.vscode-eslint-2.1.1/server/out/eslintServer.js:1:34887)
    at processTicksAndRejections (internal/process/task_queues.js:89:5)
(node:4263) UnhandledPromiseRejectionWarning: Error: No ESLint configuration found.
    at Config.getLocalConfigHierarchy (/usr/local/lib/node_modules/eslint/lib/config.js:255:39)
    at Config.getConfigHierarchy (/usr/local/lib/node_modules/eslint/lib/config.js:179:43)
    at Config.getConfigVector (/usr/local/lib/node_modules/eslint/lib/config.js:286:21)
    at Config.getConfig (/usr/local/lib/node_modules/eslint/lib/config.js:329:29)
    at CLIEngine.getConfigForFile (/usr/local/lib/node_modules/eslint/lib/cli-engine.js:628:29)
    at /home/hcalderon/.vscode/extensions/dbaeumer.vscode-eslint-2.1.1/server/out/eslintServer.js:1:34933
    at ce (/home/hcalderon/.vscode/extensions/dbaeumer.vscode-eslint-2.1.1/server/out/eslintServer.js:1:44086)
    at f.then.r.validate (/home/hcalderon/.vscode/extensions/dbaeumer.vscode-eslint-2.1.1/server/out/eslintServer.js:1:34887)
    at processTicksAndRejections (internal/process/task_queues.js:89:5)
(node:4263) UnhandledPromiseRejectionWarning: Unhandled promise rejection. This error originated either by throwing inside of an async function without a catch block, or by rejecting a promise which was not handled with .catch(). (rejection id: 6)
(node:4263) UnhandledPromiseRejectionWarning: Unhandled promise rejection. This error originated either by throwing inside of an async function without a catch block, or by rejecting a promise which was not handled with .catch(). (rejection id: 6)
(node:4263) UnhandledPromiseRejectionWarning: Error: No ESLint configuration found.
    at Config.getLocalConfigHierarchy (/usr/local/lib/node_modules/eslint/lib/config.js:255:39)
    at Config.getConfigHierarchy (/usr/local/lib/node_modules/eslint/lib/config.js:179:43)
    at Config.getConfigVector (/usr/local/lib/node_modules/eslint/lib/config.js:286:21)
    at Config.getConfig (/usr/local/lib/node_modules/eslint/lib/config.js:329:29)
    at CLIEngine.getConfigForFile (/usr/local/lib/node_modules/eslint/lib/cli-engine.js:628:29)
    at /home/hcalderon/.vscode/extensions/dbaeumer.vscode-eslint-2.1.1/server/out/eslintServer.js:1:34933
    at ce (/home/hcalderon/.vscode/extensions/dbaeumer.vscode-eslint-2.1.1/server/out/eslintServer.js:1:44086)
    at f.then.r.validate (/home/hcalderon/.vscode/extensions/dbaeumer.vscode-eslint-2.1.1/server/out/eslintServer.js:1:34887)
    at processTicksAndRejections (internal/process/task_queues.js:89:5)
(node:4263) UnhandledPromiseRejectionWarning: Error: No ESLint configuration found.
    at Config.getLocalConfigHierarchy (/usr/local/lib/node_modules/eslint/lib/config.js:255:39)
    at Config.getConfigHierarchy (/usr/local/lib/node_modules/eslint/lib/config.js:179:43)
    at Config.getConfigVector (/usr/local/lib/node_modules/eslint/lib/config.js:286:21)
    at Config.getConfig (/usr/local/lib/node_modules/eslint/lib/config.js:329:29)
    at CLIEngine.getConfigForFile (/usr/local/lib/node_modules/eslint/lib/cli-engine.js:628:29)
    at /home/hcalderon/.vscode/extensions/dbaeumer.vscode-eslint-2.1.1/server/out/eslintServer.js:1:34933
    at ce (/home/hcalderon/.vscode/extensions/dbaeumer.vscode-eslint-2.1.1/server/out/eslintServer.js:1:44086)
    at f.then.r.validate (/home/hcalderon/.vscode/extensions/dbaeumer.vscode-eslint-2.1.1/server/out/eslintServer.js:1:34887)
    at processTicksAndRejections (internal/process/task_queues.js:89:5)
(node:4263) UnhandledPromiseRejectionWarning: Unhandled promise rejection. This error originated either by throwing inside of an async function without a catch block, or by rejecting a promise which was not handled with .catch(). (rejection id: 7)
(node:4263) UnhandledPromiseRejectionWarning: Unhandled promise rejection. This error originated either by throwing inside of an async function without a catch block, or by rejecting a promise which was not handled with .catch(). (rejection id: 7)
(node:4263) UnhandledPromiseRejectionWarning: Error: No ESLint configuration found.
    at Config.getLocalConfigHierarchy (/usr/local/lib/node_modules/eslint/lib/config.js:255:39)
    at Config.getConfigHierarchy (/usr/local/lib/node_modules/eslint/lib/config.js:179:43)
    at Config.getConfigVector (/usr/local/lib/node_modules/eslint/lib/config.js:286:21)
    at Config.getConfig (/usr/local/lib/node_modules/eslint/lib/config.js:329:29)
    at CLIEngine.getConfigForFile (/usr/local/lib/node_modules/eslint/lib/cli-engine.js:628:29)
    at /home/hcalderon/.vscode/extensions/dbaeumer.vscode-eslint-2.1.1/server/out/eslintServer.js:1:34933
    at ce (/home/hcalderon/.vscode/extensions/dbaeumer.vscode-eslint-2.1.1/server/out/eslintServer.js:1:44086)
    at f.then.r.validate (/home/hcalderon/.vscode/extensions/dbaeumer.vscode-eslint-2.1.1/server/out/eslintServer.js:1:34887)
    at processTicksAndRejections (internal/process/task_queues.js:89:5)
(node:4263) UnhandledPromiseRejectionWarning: Error: No ESLint configuration found.
    at Config.getLocalConfigHierarchy (/usr/local/lib/node_modules/eslint/lib/config.js:255:39)
    at Config.getConfigHierarchy (/usr/local/lib/node_modules/eslint/lib/config.js:179:43)
    at Config.getConfigVector (/usr/local/lib/node_modules/eslint/lib/config.js:286:21)
    at Config.getConfig (/usr/local/lib/node_modules/eslint/lib/config.js:329:29)
    at CLIEngine.getConfigForFile (/usr/local/lib/node_modules/eslint/lib/cli-engine.js:628:29)
    at /home/hcalderon/.vscode/extensions/dbaeumer.vscode-eslint-2.1.1/server/out/eslintServer.js:1:34933
    at ce (/home/hcalderon/.vscode/extensions/dbaeumer.vscode-eslint-2.1.1/server/out/eslintServer.js:1:44086)
    at f.then.r.validate (/home/hcalderon/.vscode/extensions/dbaeumer.vscode-eslint-2.1.1/server/out/eslintServer.js:1:34887)
    at processTicksAndRejections (internal/process/task_queues.js:89:5)
(node:4263) UnhandledPromiseRejectionWarning: Unhandled promise rejection. This error originated either by throwing inside of an async function without a catch block, or by rejecting a promise which was not handled with .catch(). (rejection id: 8)
(node:4263) UnhandledPromiseRejectionWarning: Unhandled promise rejection. This error originated either by throwing inside of an async function without a catch block, or by rejecting a promise which was not handled with .catch(). (rejection id: 8)
(node:4263) UnhandledPromiseRejectionWarning: Error: No ESLint configuration found.
    at Config.getLocalConfigHierarchy (/usr/local/lib/node_modules/eslint/lib/config.js:255:39)
    at Config.getConfigHierarchy (/usr/local/lib/node_modules/eslint/lib/config.js:179:43)
    at Config.getConfigVector (/usr/local/lib/node_modules/eslint/lib/config.js:286:21)
    at Config.getConfig (/usr/local/lib/node_modules/eslint/lib/config.js:329:29)
    at CLIEngine.getConfigForFile (/usr/local/lib/node_modules/eslint/lib/cli-engine.js:628:29)
    at /home/hcalderon/.vscode/extensions/dbaeumer.vscode-eslint-2.1.1/server/out/eslintServer.js:1:34933
    at ce (/home/hcalderon/.vscode/extensions/dbaeumer.vscode-eslint-2.1.1/server/out/eslintServer.js:1:44086)
    at f.then.r.validate (/home/hcalderon/.vscode/extensions/dbaeumer.vscode-eslint-2.1.1/server/out/eslintServer.js:1:34887)
    at processTicksAndRejections (internal/process/task_queues.js:89:5)
(node:4263) UnhandledPromiseRejectionWarning: Error: No ESLint configuration found.
    at Config.getLocalConfigHierarchy (/usr/local/lib/node_modules/eslint/lib/config.js:255:39)
    at Config.getConfigHierarchy (/usr/local/lib/node_modules/eslint/lib/config.js:179:43)
    at Config.getConfigVector (/usr/local/lib/node_modules/eslint/lib/config.js:286:21)
    at Config.getConfig (/usr/local/lib/node_modules/eslint/lib/config.js:329:29)
    at CLIEngine.getConfigForFile (/usr/local/lib/node_modules/eslint/lib/cli-engine.js:628:29)
    at /home/hcalderon/.vscode/extensions/dbaeumer.vscode-eslint-2.1.1/server/out/eslintServer.js:1:34933
    at ce (/home/hcalderon/.vscode/extensions/dbaeumer.vscode-eslint-2.1.1/server/out/eslintServer.js:1:44086)
    at f.then.r.validate (/home/hcalderon/.vscode/extensions/dbaeumer.vscode-eslint-2.1.1/server/out/eslintServer.js:1:34887)
    at processTicksAndRejections (internal/process/task_queues.js:89:5)
(node:4263) UnhandledPromiseRejectionWarning: Unhandled promise rejection. This error originated either by throwing inside of an async function without a catch block, or by rejecting a promise which was not handled with .catch(). (rejection id: 9)
(node:4263) UnhandledPromiseRejectionWarning: Unhandled promise rejection. This error originated either by throwing inside of an async function without a catch block, or by rejecting a promise which was not handled with .catch(). (rejection id: 9)
(node:4263) UnhandledPromiseRejectionWarning: Error: No ESLint configuration found.
    at Config.getLocalConfigHierarchy (/usr/local/lib/node_modules/eslint/lib/config.js:255:39)
    at Config.getConfigHierarchy (/usr/local/lib/node_modules/eslint/lib/config.js:179:43)
    at Config.getConfigVector (/usr/local/lib/node_modules/eslint/lib/config.js:286:21)
    at Config.getConfig (/usr/local/lib/node_modules/eslint/lib/config.js:329:29)
    at CLIEngine.getConfigForFile (/usr/local/lib/node_modules/eslint/lib/cli-engine.js:628:29)
    at /home/hcalderon/.vscode/extensions/dbaeumer.vscode-eslint-2.1.1/server/out/eslintServer.js:1:34933
    at ce (/home/hcalderon/.vscode/extensions/dbaeumer.vscode-eslint-2.1.1/server/out/eslintServer.js:1:44086)
    at f.then.r.validate (/home/hcalderon/.vscode/extensions/dbaeumer.vscode-eslint-2.1.1/server/out/eslintServer.js:1:34887)
    at processTicksAndRejections (internal/process/task_queues.js:89:5)
(node:4263) UnhandledPromiseRejectionWarning: Error: No ESLint configuration found.
    at Config.getLocalConfigHierarchy (/usr/local/lib/node_modules/eslint/lib/config.js:255:39)
    at Config.getConfigHierarchy (/usr/local/lib/node_modules/eslint/lib/config.js:179:43)
    at Config.getConfigVector (/usr/local/lib/node_modules/eslint/lib/config.js:286:21)
    at Config.getConfig (/usr/local/lib/node_modules/eslint/lib/config.js:329:29)
    at CLIEngine.getConfigForFile (/usr/local/lib/node_modules/eslint/lib/cli-engine.js:628:29)
    at /home/hcalderon/.vscode/extensions/dbaeumer.vscode-eslint-2.1.1/server/out/eslintServer.js:1:34933
    at ce (/home/hcalderon/.vscode/extensions/dbaeumer.vscode-eslint-2.1.1/server/out/eslintServer.js:1:44086)
    at f.then.r.validate (/home/hcalderon/.vscode/extensions/dbaeumer.vscode-eslint-2.1.1/server/out/eslintServer.js:1:34887)
    at processTicksAndRejections (internal/process/task_queues.js:89:5)
(node:4263) UnhandledPromiseRejectionWarning: Unhandled promise rejection. This error originated either by throwing inside of an async function without a catch block, or by rejecting a promise which was not handled with .catch(). (rejection id: 10)
(node:4263) UnhandledPromiseRejectionWarning: Unhandled promise rejection. This error originated either by throwing inside of an async function without a catch block, or by rejecting a promise which was not handled with .catch(). (rejection id: 10)
(node:4263) UnhandledPromiseRejectionWarning: Error: No ESLint configuration found.
    at Config.getLocalConfigHierarchy (/usr/local/lib/node_modules/eslint/lib/config.js:255:39)
    at Config.getConfigHierarchy (/usr/local/lib/node_modules/eslint/lib/config.js:179:43)
    at Config.getConfigVector (/usr/local/lib/node_modules/eslint/lib/config.js:286:21)
    at Config.getConfig (/usr/local/lib/node_modules/eslint/lib/config.js:329:29)
    at CLIEngine.getConfigForFile (/usr/local/lib/node_modules/eslint/lib/cli-engine.js:628:29)
    at /home/hcalderon/.vscode/extensions/dbaeumer.vscode-eslint-2.1.1/server/out/eslintServer.js:1:34933
    at ce (/home/hcalderon/.vscode/extensions/dbaeumer.vscode-eslint-2.1.1/server/out/eslintServer.js:1:44086)
    at f.then.r.validate (/home/hcalderon/.vscode/extensions/dbaeumer.vscode-eslint-2.1.1/server/out/eslintServer.js:1:34887)
    at processTicksAndRejections (internal/process/task_queues.js:89:5)
(node:4263) UnhandledPromiseRejectionWarning: Error: No ESLint configuration found.
    at Config.getLocalConfigHierarchy (/usr/local/lib/node_modules/eslint/lib/config.js:255:39)
    at Config.getConfigHierarchy (/usr/local/lib/node_modules/eslint/lib/config.js:179:43)
    at Config.getConfigVector (/usr/local/lib/node_modules/eslint/lib/config.js:286:21)
    at Config.getConfig (/usr/local/lib/node_modules/eslint/lib/config.js:329:29)
    at CLIEngine.getConfigForFile (/usr/local/lib/node_modules/eslint/lib/cli-engine.js:628:29)
    at /home/hcalderon/.vscode/extensions/dbaeumer.vscode-eslint-2.1.1/server/out/eslintServer.js:1:34933
    at ce (/home/hcalderon/.vscode/extensions/dbaeumer.vscode-eslint-2.1.1/server/out/eslintServer.js:1:44086)
    at f.then.r.validate (/home/hcalderon/.vscode/extensions/dbaeumer.vscode-eslint-2.1.1/server/out/eslintServer.js:1:34887)
    at processTicksAndRejections (internal/process/task_queues.js:89:5)
(node:4263) UnhandledPromiseRejectionWarning: Unhandled promise rejection. This error originated either by throwing inside of an async function without a catch block, or by rejecting a promise which was not handled with .catch(). (rejection id: 11)
(node:4263) UnhandledPromiseRejectionWarning: Unhandled promise rejection. This error originated either by throwing inside of an async function without a catch block, or by rejecting a promise which was not handled with .catch(). (rejection id: 11)
(node:4263) UnhandledPromiseRejectionWarning: Error: No ESLint configuration found.
    at Config.getLocalConfigHierarchy (/usr/local/lib/node_modules/eslint/lib/config.js:255:39)
    at Config.getConfigHierarchy (/usr/local/lib/node_modules/eslint/lib/config.js:179:43)
    at Config.getConfigVector (/usr/local/lib/node_modules/eslint/lib/config.js:286:21)
    at Config.getConfig (/usr/local/lib/node_modules/eslint/lib/config.js:329:29)
    at CLIEngine.getConfigForFile (/usr/local/lib/node_modules/eslint/lib/cli-engine.js:628:29)
    at /home/hcalderon/.vscode/extensions/dbaeumer.vscode-eslint-2.1.1/server/out/eslintServer.js:1:34933
    at ce (/home/hcalderon/.vscode/extensions/dbaeumer.vscode-eslint-2.1.1/server/out/eslintServer.js:1:44086)
    at f.then.r.validate (/home/hcalderon/.vscode/extensions/dbaeumer.vscode-eslint-2.1.1/server/out/eslintServer.js:1:34887)
    at processTicksAndRejections (internal/process/task_queues.js:89:5)
(node:4263) UnhandledPromiseRejectionWarning: Error: No ESLint configuration found.
    at Config.getLocalConfigHierarchy (/usr/local/lib/node_modules/eslint/lib/config.js:255:39)
    at Config.getConfigHierarchy (/usr/local/lib/node_modules/eslint/lib/config.js:179:43)
    at Config.getConfigVector (/usr/local/lib/node_modules/eslint/lib/config.js:286:21)
    at Config.getConfig (/usr/local/lib/node_modules/eslint/lib/config.js:329:29)
    at CLIEngine.getConfigForFile (/usr/local/lib/node_modules/eslint/lib/cli-engine.js:628:29)
    at /home/hcalderon/.vscode/extensions/dbaeumer.vscode-eslint-2.1.1/server/out/eslintServer.js:1:34933
    at ce (/home/hcalderon/.vscode/extensions/dbaeumer.vscode-eslint-2.1.1/server/out/eslintServer.js:1:44086)
    at f.then.r.validate (/home/hcalderon/.vscode/extensions/dbaeumer.vscode-eslint-2.1.1/server/out/eslintServer.js:1:34887)
    at processTicksAndRejections (internal/process/task_queues.js:89:5)
(node:4263) UnhandledPromiseRejectionWarning: Unhandled promise rejection. This error originated either by throwing inside of an async function without a catch block, or by rejecting a promise which was not handled with .catch(). (rejection id: 12)
(node:4263) UnhandledPromiseRejectionWarning: Unhandled promise rejection. This error originated either by throwing inside of an async function without a catch block, or by rejecting a promise which was not handled with .catch(). (rejection id: 12)
(node:4263) UnhandledPromiseRejectionWarning: Error: No ESLint configuration found.
    at Config.getLocalConfigHierarchy (/usr/local/lib/node_modules/eslint/lib/config.js:255:39)
    at Config.getConfigHierarchy (/usr/local/lib/node_modules/eslint/lib/config.js:179:43)
    at Config.getConfigVector (/usr/local/lib/node_modules/eslint/lib/config.js:286:21)
    at Config.getConfig (/usr/local/lib/node_modules/eslint/lib/config.js:329:29)
    at CLIEngine.getConfigForFile (/usr/local/lib/node_modules/eslint/lib/cli-engine.js:628:29)
    at /home/hcalderon/.vscode/extensions/dbaeumer.vscode-eslint-2.1.1/server/out/eslintServer.js:1:34933
    at ce (/home/hcalderon/.vscode/extensions/dbaeumer.vscode-eslint-2.1.1/server/out/eslintServer.js:1:44086)
    at f.then.r.validate (/home/hcalderon/.vscode/extensions/dbaeumer.vscode-eslint-2.1.1/server/out/eslintServer.js:1:34887)
    at processTicksAndRejections (internal/process/task_queues.js:89:5)
(node:4263) UnhandledPromiseRejectionWarning: Error: No ESLint configuration found.
    at Config.getLocalConfigHierarchy (/usr/local/lib/node_modules/eslint/lib/config.js:255:39)
    at Config.getConfigHierarchy (/usr/local/lib/node_modules/eslint/lib/config.js:179:43)
    at Config.getConfigVector (/usr/local/lib/node_modules/eslint/lib/config.js:286:21)
    at Config.getConfig (/usr/local/lib/node_modules/eslint/lib/config.js:329:29)
    at CLIEngine.getConfigForFile (/usr/local/lib/node_modules/eslint/lib/cli-engine.js:628:29)
    at /home/hcalderon/.vscode/extensions/dbaeumer.vscode-eslint-2.1.1/server/out/eslintServer.js:1:34933
    at ce (/home/hcalderon/.vscode/extensions/dbaeumer.vscode-eslint-2.1.1/server/out/eslintServer.js:1:44086)
    at f.then.r.validate (/home/hcalderon/.vscode/extensions/dbaeumer.vscode-eslint-2.1.1/server/out/eslintServer.js:1:34887)
    at processTicksAndRejections (internal/process/task_queues.js:89:5)
(node:4263) UnhandledPromiseRejectionWarning: Unhandled promise rejection. This error originated either by throwing inside of an async function without a catch block, or by rejecting a promise which was not handled with .catch(). (rejection id: 13)
(node:4263) UnhandledPromiseRejectionWarning: Unhandled promise rejection. This error originated either by throwing inside of an async function without a catch block, or by rejecting a promise which was not handled with .catch(). (rejection id: 13)
(node:4263) UnhandledPromiseRejectionWarning: Error: No ESLint configuration found.
    at Config.getLocalConfigHierarchy (/usr/local/lib/node_modules/eslint/lib/config.js:255:39)
    at Config.getConfigHierarchy (/usr/local/lib/node_modules/eslint/lib/config.js:179:43)
    at Config.getConfigVector (/usr/local/lib/node_modules/eslint/lib/config.js:286:21)
    at Config.getConfig (/usr/local/lib/node_modules/eslint/lib/config.js:329:29)
    at CLIEngine.getConfigForFile (/usr/local/lib/node_modules/eslint/lib/cli-engine.js:628:29)
    at /home/hcalderon/.vscode/extensions/dbaeumer.vscode-eslint-2.1.1/server/out/eslintServer.js:1:34933
    at ce (/home/hcalderon/.vscode/extensions/dbaeumer.vscode-eslint-2.1.1/server/out/eslintServer.js:1:44086)
    at f.then.r.validate (/home/hcalderon/.vscode/extensions/dbaeumer.vscode-eslint-2.1.1/server/out/eslintServer.js:1:34887)
    at processTicksAndRejections (internal/process/task_queues.js:89:5)
(node:4263) UnhandledPromiseRejectionWarning: Error: No ESLint configuration found.
    at Config.getLocalConfigHierarchy (/usr/local/lib/node_modules/eslint/lib/config.js:255:39)
    at Config.getConfigHierarchy (/usr/local/lib/node_modules/eslint/lib/config.js:179:43)
    at Config.getConfigVector (/usr/local/lib/node_modules/eslint/lib/config.js:286:21)
    at Config.getConfig (/usr/local/lib/node_modules/eslint/lib/config.js:329:29)
    at CLIEngine.getConfigForFile (/usr/local/lib/node_modules/eslint/lib/cli-engine.js:628:29)
    at /home/hcalderon/.vscode/extensions/dbaeumer.vscode-eslint-2.1.1/server/out/eslintServer.js:1:34933
    at ce (/home/hcalderon/.vscode/extensions/dbaeumer.vscode-eslint-2.1.1/server/out/eslintServer.js:1:44086)
    at f.then.r.validate (/home/hcalderon/.vscode/extensions/dbaeumer.vscode-eslint-2.1.1/server/out/eslintServer.js:1:34887)
    at processTicksAndRejections (internal/process/task_queues.js:89:5)
(node:4263) UnhandledPromiseRejectionWarning: Unhandled promise rejection. This error originated either by throwing inside of an async function without a catch block, or by rejecting a promise which was not handled with .catch(). (rejection id: 14)
(node:4263) UnhandledPromiseRejectionWarning: Unhandled promise rejection. This error originated either by throwing inside of an async function without a catch block, or by rejecting a promise which was not handled with .catch(). (rejection id: 14)
(node:4263) UnhandledPromiseRejectionWarning: Error: No ESLint configuration found.
    at Config.getLocalConfigHierarchy (/usr/local/lib/node_modules/eslint/lib/config.js:255:39)
    at Config.getConfigHierarchy (/usr/local/lib/node_modules/eslint/lib/config.js:179:43)
    at Config.getConfigVector (/usr/local/lib/node_modules/eslint/lib/config.js:286:21)
    at Config.getConfig (/usr/local/lib/node_modules/eslint/lib/config.js:329:29)
    at CLIEngine.getConfigForFile (/usr/local/lib/node_modules/eslint/lib/cli-engine.js:628:29)
    at /home/hcalderon/.vscode/extensions/dbaeumer.vscode-eslint-2.1.1/server/out/eslintServer.js:1:34933
    at ce (/home/hcalderon/.vscode/extensions/dbaeumer.vscode-eslint-2.1.1/server/out/eslintServer.js:1:44086)
    at f.then.r.validate (/home/hcalderon/.vscode/extensions/dbaeumer.vscode-eslint-2.1.1/server/out/eslintServer.js:1:34887)
    at processTicksAndRejections (internal/process/task_queues.js:89:5)
(node:4263) UnhandledPromiseRejectionWarning: Error: No ESLint configuration found.
    at Config.getLocalConfigHierarchy (/usr/local/lib/node_modules/eslint/lib/config.js:255:39)
    at Config.getConfigHierarchy (/usr/local/lib/node_modules/eslint/lib/config.js:179:43)
    at Config.getConfigVector (/usr/local/lib/node_modules/eslint/lib/config.js:286:21)
    at Config.getConfig (/usr/local/lib/node_modules/eslint/lib/config.js:329:29)
    at CLIEngine.getConfigForFile (/usr/local/lib/node_modules/eslint/lib/cli-engine.js:628:29)
    at /home/hcalderon/.vscode/extensions/dbaeumer.vscode-eslint-2.1.1/server/out/eslintServer.js:1:34933
    at ce (/home/hcalderon/.vscode/extensions/dbaeumer.vscode-eslint-2.1.1/server/out/eslintServer.js:1:44086)
    at f.then.r.validate (/home/hcalderon/.vscode/extensions/dbaeumer.vscode-eslint-2.1.1/server/out/eslintServer.js:1:34887)
    at processTicksAndRejections (internal/process/task_queues.js:89:5)
(node:4263) UnhandledPromiseRejectionWarning: Unhandled promise rejection. This error originated either by throwing inside of an async function without a catch block, or by rejecting a promise which was not handled with .catch(). (rejection id: 15)
(node:4263) UnhandledPromiseRejectionWarning: Unhandled promise rejection. This error originated either by throwing inside of an async function without a catch block, or by rejecting a promise which was not handled with .catch(). (rejection id: 15)
(node:4263) UnhandledPromiseRejectionWarning: Error: No ESLint configuration found.
    at Config.getLocalConfigHierarchy (/usr/local/lib/node_modules/eslint/lib/config.js:255:39)
    at Config.getConfigHierarchy (/usr/local/lib/node_modules/eslint/lib/config.js:179:43)
    at Config.getConfigVector (/usr/local/lib/node_modules/eslint/lib/config.js:286:21)
    at Config.getConfig (/usr/local/lib/node_modules/eslint/lib/config.js:329:29)
    at CLIEngine.getConfigForFile (/usr/local/lib/node_modules/eslint/lib/cli-engine.js:628:29)
    at /home/hcalderon/.vscode/extensions/dbaeumer.vscode-eslint-2.1.1/server/out/eslintServer.js:1:34933
    at ce (/home/hcalderon/.vscode/extensions/dbaeumer.vscode-eslint-2.1.1/server/out/eslintServer.js:1:44086)
    at f.then.r.validate (/home/hcalderon/.vscode/extensions/dbaeumer.vscode-eslint-2.1.1/server/out/eslintServer.js:1:34887)
    at processTicksAndRejections (internal/process/task_queues.js:89:5)
(node:4263) UnhandledPromiseRejectionWarning: Error: No ESLint configuration found.
    at Config.getLocalConfigHierarchy (/usr/local/lib/node_modules/eslint/lib/config.js:255:39)
    at Config.getConfigHierarchy (/usr/local/lib/node_modules/eslint/lib/config.js:179:43)
    at Config.getConfigVector (/usr/local/lib/node_modules/eslint/lib/config.js:286:21)
    at Config.getConfig (/usr/local/lib/node_modules/eslint/lib/config.js:329:29)
    at CLIEngine.getConfigForFile (/usr/local/lib/node_modules/eslint/lib/cli-engine.js:628:29)
    at /home/hcalderon/.vscode/extensions/dbaeumer.vscode-eslint-2.1.1/server/out/eslintServer.js:1:34933
    at ce (/home/hcalderon/.vscode/extensions/dbaeumer.vscode-eslint-2.1.1/server/out/eslintServer.js:1:44086)
    at f.then.r.validate (/home/hcalderon/.vscode/extensions/dbaeumer.vscode-eslint-2.1.1/server/out/eslintServer.js:1:34887)
    at processTicksAndRejections (internal/process/task_queues.js:89:5)
(node:4263) UnhandledPromiseRejectionWarning: Unhandled promise rejection. This error originated either by throwing inside of an async function without a catch block, or by rejecting a promise which was not handled with .catch(). (rejection id: 16)
(node:4263) UnhandledPromiseRejectionWarning: Unhandled promise rejection. This error originated either by throwing inside of an async function without a catch block, or by rejecting a promise which was not handled with .catch(). (rejection id: 16)
(node:4263) UnhandledPromiseRejectionWarning: Error: No ESLint configuration found.
    at Config.getLocalConfigHierarchy (/usr/local/lib/node_modules/eslint/lib/config.js:255:39)
    at Config.getConfigHierarchy (/usr/local/lib/node_modules/eslint/lib/config.js:179:43)
    at Config.getConfigVector (/usr/local/lib/node_modules/eslint/lib/config.js:286:21)
    at Config.getConfig (/usr/local/lib/node_modules/eslint/lib/config.js:329:29)
    at CLIEngine.getConfigForFile (/usr/local/lib/node_modules/eslint/lib/cli-engine.js:628:29)
    at /home/hcalderon/.vscode/extensions/dbaeumer.vscode-eslint-2.1.1/server/out/eslintServer.js:1:34933
    at ce (/home/hcalderon/.vscode/extensions/dbaeumer.vscode-eslint-2.1.1/server/out/eslintServer.js:1:44086)
    at f.then.r.validate (/home/hcalderon/.vscode/extensions/dbaeumer.vscode-eslint-2.1.1/server/out/eslintServer.js:1:34887)
    at processTicksAndRejections (internal/process/task_queues.js:89:5)
(node:4263) UnhandledPromiseRejectionWarning: Error: No ESLint configuration found.
    at Config.getLocalConfigHierarchy (/usr/local/lib/node_modules/eslint/lib/config.js:255:39)
    at Config.getConfigHierarchy (/usr/local/lib/node_modules/eslint/lib/config.js:179:43)
    at Config.getConfigVector (/usr/local/lib/node_modules/eslint/lib/config.js:286:21)
    at Config.getConfig (/usr/local/lib/node_modules/eslint/lib/config.js:329:29)
    at CLIEngine.getConfigForFile (/usr/local/lib/node_modules/eslint/lib/cli-engine.js:628:29)
    at /home/hcalderon/.vscode/extensions/dbaeumer.vscode-eslint-2.1.1/server/out/eslintServer.js:1:34933
    at ce (/home/hcalderon/.vscode/extensions/dbaeumer.vscode-eslint-2.1.1/server/out/eslintServer.js:1:44086)
    at f.then.r.validate (/home/hcalderon/.vscode/extensions/dbaeumer.vscode-eslint-2.1.1/server/out/eslintServer.js:1:34887)
    at processTicksAndRejections (internal/process/task_queues.js:89:5)
(node:4263) UnhandledPromiseRejectionWarning: Unhandled promise rejection. This error originated either by throwing inside of an async function without a catch block, or by rejecting a promise which was not handled with .catch(). (rejection id: 17)
(node:4263) UnhandledPromiseRejectionWarning: Unhandled promise rejection. This error originated either by throwing inside of an async function without a catch block, or by rejecting a promise which was not handled with .catch(). (rejection id: 17)
(node:4263) UnhandledPromiseRejectionWarning: Error: No ESLint configuration found.
    at Config.getLocalConfigHierarchy (/usr/local/lib/node_modules/eslint/lib/config.js:255:39)
    at Config.getConfigHierarchy (/usr/local/lib/node_modules/eslint/lib/config.js:179:43)
    at Config.getConfigVector (/usr/local/lib/node_modules/eslint/lib/config.js:286:21)
    at Config.getConfig (/usr/local/lib/node_modules/eslint/lib/config.js:329:29)
    at CLIEngine.getConfigForFile (/usr/local/lib/node_modules/eslint/lib/cli-engine.js:628:29)
    at /home/hcalderon/.vscode/extensions/dbaeumer.vscode-eslint-2.1.1/server/out/eslintServer.js:1:34933
    at ce (/home/hcalderon/.vscode/extensions/dbaeumer.vscode-eslint-2.1.1/server/out/eslintServer.js:1:44086)
    at f.then.r.validate (/home/hcalderon/.vscode/extensions/dbaeumer.vscode-eslint-2.1.1/server/out/eslintServer.js:1:34887)
    at processTicksAndRejections (internal/process/task_queues.js:89:5)
(node:4263) UnhandledPromiseRejectionWarning: Error: No ESLint configuration found.
    at Config.getLocalConfigHierarchy (/usr/local/lib/node_modules/eslint/lib/config.js:255:39)
    at Config.getConfigHierarchy (/usr/local/lib/node_modules/eslint/lib/config.js:179:43)
    at Config.getConfigVector (/usr/local/lib/node_modules/eslint/lib/config.js:286:21)
    at Config.getConfig (/usr/local/lib/node_modules/eslint/lib/config.js:329:29)
    at CLIEngine.getConfigForFile (/usr/local/lib/node_modules/eslint/lib/cli-engine.js:628:29)
    at /home/hcalderon/.vscode/extensions/dbaeumer.vscode-eslint-2.1.1/server/out/eslintServer.js:1:34933
    at ce (/home/hcalderon/.vscode/extensions/dbaeumer.vscode-eslint-2.1.1/server/out/eslintServer.js:1:44086)
    at f.then.r.validate (/home/hcalderon/.vscode/extensions/dbaeumer.vscode-eslint-2.1.1/server/out/eslintServer.js:1:34887)
    at processTicksAndRejections (internal/process/task_queues.js:89:5)
(node:4263) UnhandledPromiseRejectionWarning: Unhandled promise rejection. This error originated either by throwing inside of an async function without a catch block, or by rejecting a promise which was not handled with .catch(). (rejection id: 18)
(node:4263) UnhandledPromiseRejectionWarning: Unhandled promise rejection. This error originated either by throwing inside of an async function without a catch block, or by rejecting a promise which was not handled with .catch(). (rejection id: 18)
(node:4263) UnhandledPromiseRejectionWarning: Error: No ESLint configuration found.
    at Config.getLocalConfigHierarchy (/usr/local/lib/node_modules/eslint/lib/config.js:255:39)
    at Config.getConfigHierarchy (/usr/local/lib/node_modules/eslint/lib/config.js:179:43)
    at Config.getConfigVector (/usr/local/lib/node_modules/eslint/lib/config.js:286:21)
    at Config.getConfig (/usr/local/lib/node_modules/eslint/lib/config.js:329:29)
    at CLIEngine.getConfigForFile (/usr/local/lib/node_modules/eslint/lib/cli-engine.js:628:29)
    at /home/hcalderon/.vscode/extensions/dbaeumer.vscode-eslint-2.1.1/server/out/eslintServer.js:1:34933
    at ce (/home/hcalderon/.vscode/extensions/dbaeumer.vscode-eslint-2.1.1/server/out/eslintServer.js:1:44086)
    at f.then.r.validate (/home/hcalderon/.vscode/extensions/dbaeumer.vscode-eslint-2.1.1/server/out/eslintServer.js:1:34887)
    at processTicksAndRejections (internal/process/task_queues.js:89:5)
(node:4263) UnhandledPromiseRejectionWarning: Error: No ESLint configuration found.
    at Config.getLocalConfigHierarchy (/usr/local/lib/node_modules/eslint/lib/config.js:255:39)
    at Config.getConfigHierarchy (/usr/local/lib/node_modules/eslint/lib/config.js:179:43)
    at Config.getConfigVector (/usr/local/lib/node_modules/eslint/lib/config.js:286:21)
    at Config.getConfig (/usr/local/lib/node_modules/eslint/lib/config.js:329:29)
    at CLIEngine.getConfigForFile (/usr/local/lib/node_modules/eslint/lib/cli-engine.js:628:29)
    at /home/hcalderon/.vscode/extensions/dbaeumer.vscode-eslint-2.1.1/server/out/eslintServer.js:1:34933
    at ce (/home/hcalderon/.vscode/extensions/dbaeumer.vscode-eslint-2.1.1/server/out/eslintServer.js:1:44086)
    at f.then.r.validate (/home/hcalderon/.vscode/extensions/dbaeumer.vscode-eslint-2.1.1/server/out/eslintServer.js:1:34887)
    at processTicksAndRejections (internal/process/task_queues.js:89:5)
(node:4263) UnhandledPromiseRejectionWarning: Unhandled promise rejection. This error originated either by throwing inside of an async function without a catch block, or by rejecting a promise which was not handled with .catch(). (rejection id: 19)
(node:4263) UnhandledPromiseRejectionWarning: Unhandled promise rejection. This error originated either by throwing inside of an async function without a catch block, or by rejecting a promise which was not handled with .catch(). (rejection id: 19)
(node:4263) UnhandledPromiseRejectionWarning: Error: No ESLint configuration found.
    at Config.getLocalConfigHierarchy (/usr/local/lib/node_modules/eslint/lib/config.js:255:39)
    at Config.getConfigHierarchy (/usr/local/lib/node_modules/eslint/lib/config.js:179:43)
    at Config.getConfigVector (/usr/local/lib/node_modules/eslint/lib/config.js:286:21)
    at Config.getConfig (/usr/local/lib/node_modules/eslint/lib/config.js:329:29)
    at CLIEngine.getConfigForFile (/usr/local/lib/node_modules/eslint/lib/cli-engine.js:628:29)
    at /home/hcalderon/.vscode/extensions/dbaeumer.vscode-eslint-2.1.1/server/out/eslintServer.js:1:34933
    at ce (/home/hcalderon/.vscode/extensions/dbaeumer.vscode-eslint-2.1.1/server/out/eslintServer.js:1:44086)
    at f.then.r.validate (/home/hcalderon/.vscode/extensions/dbaeumer.vscode-eslint-2.1.1/server/out/eslintServer.js:1:34887)
    at processTicksAndRejections (internal/process/task_queues.js:89:5)
(node:4263) UnhandledPromiseRejectionWarning: Error: No ESLint configuration found.
    at Config.getLocalConfigHierarchy (/usr/local/lib/node_modules/eslint/lib/config.js:255:39)
    at Config.getConfigHierarchy (/usr/local/lib/node_modules/eslint/lib/config.js:179:43)
    at Config.getConfigVector (/usr/local/lib/node_modules/eslint/lib/config.js:286:21)
    at Config.getConfig (/usr/local/lib/node_modules/eslint/lib/config.js:329:29)
    at CLIEngine.getConfigForFile (/usr/local/lib/node_modules/eslint/lib/cli-engine.js:628:29)
    at /home/hcalderon/.vscode/extensions/dbaeumer.vscode-eslint-2.1.1/server/out/eslintServer.js:1:34933
    at ce (/home/hcalderon/.vscode/extensions/dbaeumer.vscode-eslint-2.1.1/server/out/eslintServer.js:1:44086)
    at f.then.r.validate (/home/hcalderon/.vscode/extensions/dbaeumer.vscode-eslint-2.1.1/server/out/eslintServer.js:1:34887)
    at processTicksAndRejections (internal/process/task_queues.js:89:5)
(node:4263) UnhandledPromiseRejectionWarning: Unhandled promise rejection. This error originated either by throwing inside of an async function without a catch block, or by rejecting a promise which was not handled with .catch(). (rejection id: 20)
(node:4263) UnhandledPromiseRejectionWarning: Unhandled promise rejection. This error originated either by throwing inside of an async function without a catch block, or by rejecting a promise which was not handled with .catch(). (rejection id: 20)
(node:4263) UnhandledPromiseRejectionWarning: Error: No ESLint configuration found.
    at Config.getLocalConfigHierarchy (/usr/local/lib/node_modules/eslint/lib/config.js:255:39)
    at Config.getConfigHierarchy (/usr/local/lib/node_modules/eslint/lib/config.js:179:43)
    at Config.getConfigVector (/usr/local/lib/node_modules/eslint/lib/config.js:286:21)
    at Config.getConfig (/usr/local/lib/node_modules/eslint/lib/config.js:329:29)
    at CLIEngine.getConfigForFile (/usr/local/lib/node_modules/eslint/lib/cli-engine.js:628:29)
    at /home/hcalderon/.vscode/extensions/dbaeumer.vscode-eslint-2.1.1/server/out/eslintServer.js:1:34933
    at ce (/home/hcalderon/.vscode/extensions/dbaeumer.vscode-eslint-2.1.1/server/out/eslintServer.js:1:44086)
    at f.then.r.validate (/home/hcalderon/.vscode/extensions/dbaeumer.vscode-eslint-2.1.1/server/out/eslintServer.js:1:34887)
    at processTicksAndRejections (internal/process/task_queues.js:89:5)
(node:4263) UnhandledPromiseRejectionWarning: Error: No ESLint configuration found.
    at Config.getLocalConfigHierarchy (/usr/local/lib/node_modules/eslint/lib/config.js:255:39)
    at Config.getConfigHierarchy (/usr/local/lib/node_modules/eslint/lib/config.js:179:43)
    at Config.getConfigVector (/usr/local/lib/node_modules/eslint/lib/config.js:286:21)
    at Config.getConfig (/usr/local/lib/node_modules/eslint/lib/config.js:329:29)
    at CLIEngine.getConfigForFile (/usr/local/lib/node_modules/eslint/lib/cli-engine.js:628:29)
    at /home/hcalderon/.vscode/extensions/dbaeumer.vscode-eslint-2.1.1/server/out/eslintServer.js:1:34933
    at ce (/home/hcalderon/.vscode/extensions/dbaeumer.vscode-eslint-2.1.1/server/out/eslintServer.js:1:44086)
    at f.then.r.validate (/home/hcalderon/.vscode/extensions/dbaeumer.vscode-eslint-2.1.1/server/out/eslintServer.js:1:34887)
    at processTicksAndRejections (internal/process/task_queues.js:89:5)
(node:4263) UnhandledPromiseRejectionWarning: Unhandled promise rejection. This error originated either by throwing inside of an async function without a catch block, or by rejecting a promise which was not handled with .catch(). (rejection id: 21)
(node:4263) UnhandledPromiseRejectionWarning: Unhandled promise rejection. This error originated either by throwing inside of an async function without a catch block, or by rejecting a promise which was not handled with .catch(). (rejection id: 21)
(node:4263) UnhandledPromiseRejectionWarning: Error: No ESLint configuration found.
    at Config.getLocalConfigHierarchy (/usr/local/lib/node_modules/eslint/lib/config.js:255:39)
    at Config.getConfigHierarchy (/usr/local/lib/node_modules/eslint/lib/config.js:179:43)
    at Config.getConfigVector (/usr/local/lib/node_modules/eslint/lib/config.js:286:21)
    at Config.getConfig (/usr/local/lib/node_modules/eslint/lib/config.js:329:29)
    at CLIEngine.getConfigForFile (/usr/local/lib/node_modules/eslint/lib/cli-engine.js:628:29)
    at /home/hcalderon/.vscode/extensions/dbaeumer.vscode-eslint-2.1.1/server/out/eslintServer.js:1:34933
    at ce (/home/hcalderon/.vscode/extensions/dbaeumer.vscode-eslint-2.1.1/server/out/eslintServer.js:1:44086)
    at f.then.r.validate (/home/hcalderon/.vscode/extensions/dbaeumer.vscode-eslint-2.1.1/server/out/eslintServer.js:1:34887)
    at processTicksAndRejections (internal/process/task_queues.js:89:5)
(node:4263) UnhandledPromiseRejectionWarning: Error: No ESLint configuration found.
    at Config.getLocalConfigHierarchy (/usr/local/lib/node_modules/eslint/lib/config.js:255:39)
    at Config.getConfigHierarchy (/usr/local/lib/node_modules/eslint/lib/config.js:179:43)
    at Config.getConfigVector (/usr/local/lib/node_modules/eslint/lib/config.js:286:21)
    at Config.getConfig (/usr/local/lib/node_modules/eslint/lib/config.js:329:29)
    at CLIEngine.getConfigForFile (/usr/local/lib/node_modules/eslint/lib/cli-engine.js:628:29)
    at /home/hcalderon/.vscode/extensions/dbaeumer.vscode-eslint-2.1.1/server/out/eslintServer.js:1:34933
    at ce (/home/hcalderon/.vscode/extensions/dbaeumer.vscode-eslint-2.1.1/server/out/eslintServer.js:1:44086)
    at f.then.r.validate (/home/hcalderon/.vscode/extensions/dbaeumer.vscode-eslint-2.1.1/server/out/eslintServer.js:1:34887)
    at processTicksAndRejections (internal/process/task_queues.js:89:5)
(node:4263) UnhandledPromiseRejectionWarning: Unhandled promise rejection. This error originated either by throwing inside of an async function without a catch block, or by rejecting a promise which was not handled with .catch(). (rejection id: 22)
(node:4263) UnhandledPromiseRejectionWarning: Unhandled promise rejection. This error originated either by throwing inside of an async function without a catch block, or by rejecting a promise which was not handled with .catch(). (rejection id: 22)
(node:4263) UnhandledPromiseRejectionWarning: Error: No ESLint configuration found.
    at Config.getLocalConfigHierarchy (/usr/local/lib/node_modules/eslint/lib/config.js:255:39)
    at Config.getConfigHierarchy (/usr/local/lib/node_modules/eslint/lib/config.js:179:43)
    at Config.getConfigVector (/usr/local/lib/node_modules/eslint/lib/config.js:286:21)
    at Config.getConfig (/usr/local/lib/node_modules/eslint/lib/config.js:329:29)
    at CLIEngine.getConfigForFile (/usr/local/lib/node_modules/eslint/lib/cli-engine.js:628:29)
    at /home/hcalderon/.vscode/extensions/dbaeumer.vscode-eslint-2.1.1/server/out/eslintServer.js:1:34933
    at ce (/home/hcalderon/.vscode/extensions/dbaeumer.vscode-eslint-2.1.1/server/out/eslintServer.js:1:44086)
    at f.then.r.validate (/home/hcalderon/.vscode/extensions/dbaeumer.vscode-eslint-2.1.1/server/out/eslintServer.js:1:34887)
    at processTicksAndRejections (internal/process/task_queues.js:89:5)
(node:4263) UnhandledPromiseRejectionWarning: Error: No ESLint configuration found.
    at Config.getLocalConfigHierarchy (/usr/local/lib/node_modules/eslint/lib/config.js:255:39)
    at Config.getConfigHierarchy (/usr/local/lib/node_modules/eslint/lib/config.js:179:43)
    at Config.getConfigVector (/usr/local/lib/node_modules/eslint/lib/config.js:286:21)
    at Config.getConfig (/usr/local/lib/node_modules/eslint/lib/config.js:329:29)
    at CLIEngine.getConfigForFile (/usr/local/lib/node_modules/eslint/lib/cli-engine.js:628:29)
    at /home/hcalderon/.vscode/extensions/dbaeumer.vscode-eslint-2.1.1/server/out/eslintServer.js:1:34933
    at ce (/home/hcalderon/.vscode/extensions/dbaeumer.vscode-eslint-2.1.1/server/out/eslintServer.js:1:44086)
    at f.then.r.validate (/home/hcalderon/.vscode/extensions/dbaeumer.vscode-eslint-2.1.1/server/out/eslintServer.js:1:34887)
    at processTicksAndRejections (internal/process/task_queues.js:89:5)
(node:4263) UnhandledPromiseRejectionWarning: Unhandled promise rejection. This error originated either by throwing inside of an async function without a catch block, or by rejecting a promise which was not handled with .catch(). (rejection id: 23)
(node:4263) UnhandledPromiseRejectionWarning: Unhandled promise rejection. This error originated either by throwing inside of an async function without a catch block, or by rejecting a promise which was not handled with .catch(). (rejection id: 23)
(node:4263) UnhandledPromiseRejectionWarning: Error: No ESLint configuration found.
    at Config.getLocalConfigHierarchy (/usr/local/lib/node_modules/eslint/lib/config.js:255:39)
    at Config.getConfigHierarchy (/usr/local/lib/node_modules/eslint/lib/config.js:179:43)
    at Config.getConfigVector (/usr/local/lib/node_modules/eslint/lib/config.js:286:21)
    at Config.getConfig (/usr/local/lib/node_modules/eslint/lib/config.js:329:29)
    at CLIEngine.getConfigForFile (/usr/local/lib/node_modules/eslint/lib/cli-engine.js:628:29)
    at /home/hcalderon/.vscode/extensions/dbaeumer.vscode-eslint-2.1.1/server/out/eslintServer.js:1:34933
    at ce (/home/hcalderon/.vscode/extensions/dbaeumer.vscode-eslint-2.1.1/server/out/eslintServer.js:1:44086)
    at f.then.r.validate (/home/hcalderon/.vscode/extensions/dbaeumer.vscode-eslint-2.1.1/server/out/eslintServer.js:1:34887)
    at processTicksAndRejections (internal/process/task_queues.js:89:5)
(node:4263) UnhandledPromiseRejectionWarning: Error: No ESLint configuration found.
    at Config.getLocalConfigHierarchy (/usr/local/lib/node_modules/eslint/lib/config.js:255:39)
    at Config.getConfigHierarchy (/usr/local/lib/node_modules/eslint/lib/config.js:179:43)
    at Config.getConfigVector (/usr/local/lib/node_modules/eslint/lib/config.js:286:21)
    at Config.getConfig (/usr/local/lib/node_modules/eslint/lib/config.js:329:29)
    at CLIEngine.getConfigForFile (/usr/local/lib/node_modules/eslint/lib/cli-engine.js:628:29)
    at /home/hcalderon/.vscode/extensions/dbaeumer.vscode-eslint-2.1.1/server/out/eslintServer.js:1:34933
    at ce (/home/hcalderon/.vscode/extensions/dbaeumer.vscode-eslint-2.1.1/server/out/eslintServer.js:1:44086)
    at f.then.r.validate (/home/hcalderon/.vscode/extensions/dbaeumer.vscode-eslint-2.1.1/server/out/eslintServer.js:1:34887)
    at processTicksAndRejections (internal/process/task_queues.js:89:5)
(node:4263) UnhandledPromiseRejectionWarning: Unhandled promise rejection. This error originated either by throwing inside of an async function without a catch block, or by rejecting a promise which was not handled with .catch(). (rejection id: 24)
(node:4263) UnhandledPromiseRejectionWarning: Unhandled promise rejection. This error originated either by throwing inside of an async function without a catch block, or by rejecting a promise which was not handled with .catch(). (rejection id: 24)
(node:4263) UnhandledPromiseRejectionWarning: Error: No ESLint configuration found.
    at Config.getLocalConfigHierarchy (/usr/local/lib/node_modules/eslint/lib/config.js:255:39)
    at Config.getConfigHierarchy (/usr/local/lib/node_modules/eslint/lib/config.js:179:43)
    at Config.getConfigVector (/usr/local/lib/node_modules/eslint/lib/config.js:286:21)
    at Config.getConfig (/usr/local/lib/node_modules/eslint/lib/config.js:329:29)
    at CLIEngine.getConfigForFile (/usr/local/lib/node_modules/eslint/lib/cli-engine.js:628:29)
    at /home/hcalderon/.vscode/extensions/dbaeumer.vscode-eslint-2.1.1/server/out/eslintServer.js:1:34933
    at ce (/home/hcalderon/.vscode/extensions/dbaeumer.vscode-eslint-2.1.1/server/out/eslintServer.js:1:44086)
    at f.then.r.validate (/home/hcalderon/.vscode/extensions/dbaeumer.vscode-eslint-2.1.1/server/out/eslintServer.js:1:34887)
    at processTicksAndRejections (internal/process/task_queues.js:89:5)
(node:4263) UnhandledPromiseRejectionWarning: Error: No ESLint configuration found.
    at Config.getLocalConfigHierarchy (/usr/local/lib/node_modules/eslint/lib/config.js:255:39)
    at Config.getConfigHierarchy (/usr/local/lib/node_modules/eslint/lib/config.js:179:43)
    at Config.getConfigVector (/usr/local/lib/node_modules/eslint/lib/config.js:286:21)
    at Config.getConfig (/usr/local/lib/node_modules/eslint/lib/config.js:329:29)
    at CLIEngine.getConfigForFile (/usr/local/lib/node_modules/eslint/lib/cli-engine.js:628:29)
    at /home/hcalderon/.vscode/extensions/dbaeumer.vscode-eslint-2.1.1/server/out/eslintServer.js:1:34933
    at ce (/home/hcalderon/.vscode/extensions/dbaeumer.vscode-eslint-2.1.1/server/out/eslintServer.js:1:44086)
    at f.then.r.validate (/home/hcalderon/.vscode/extensions/dbaeumer.vscode-eslint-2.1.1/server/out/eslintServer.js:1:34887)
    at processTicksAndRejections (internal/process/task_queues.js:89:5)
(node:4263) UnhandledPromiseRejectionWarning: Unhandled promise rejection. This error originated either by throwing inside of an async function without a catch block, or by rejecting a promise which was not handled with .catch(). (rejection id: 25)
(node:4263) UnhandledPromiseRejectionWarning: Unhandled promise rejection. This error originated either by throwing inside of an async function without a catch block, or by rejecting a promise which was not handled with .catch(). (rejection id: 25)
(node:4263) UnhandledPromiseRejectionWarning: Error: No ESLint configuration found.
    at Config.getLocalConfigHierarchy (/usr/local/lib/node_modules/eslint/lib/config.js:255:39)
    at Config.getConfigHierarchy (/usr/local/lib/node_modules/eslint/lib/config.js:179:43)
    at Config.getConfigVector (/usr/local/lib/node_modules/eslint/lib/config.js:286:21)
    at Config.getConfig (/usr/local/lib/node_modules/eslint/lib/config.js:329:29)
    at CLIEngine.getConfigForFile (/usr/local/lib/node_modules/eslint/lib/cli-engine.js:628:29)
    at /home/hcalderon/.vscode/extensions/dbaeumer.vscode-eslint-2.1.1/server/out/eslintServer.js:1:34933
    at ce (/home/hcalderon/.vscode/extensions/dbaeumer.vscode-eslint-2.1.1/server/out/eslintServer.js:1:44086)
    at f.then.r.validate (/home/hcalderon/.vscode/extensions/dbaeumer.vscode-eslint-2.1.1/server/out/eslintServer.js:1:34887)
    at processTicksAndRejections (internal/process/task_queues.js:89:5)
(node:4263) UnhandledPromiseRejectionWarning: Error: No ESLint configuration found.
    at Config.getLocalConfigHierarchy (/usr/local/lib/node_modules/eslint/lib/config.js:255:39)
    at Config.getConfigHierarchy (/usr/local/lib/node_modules/eslint/lib/config.js:179:43)
    at Config.getConfigVector (/usr/local/lib/node_modules/eslint/lib/config.js:286:21)
    at Config.getConfig (/usr/local/lib/node_modules/eslint/lib/config.js:329:29)
    at CLIEngine.getConfigForFile (/usr/local/lib/node_modules/eslint/lib/cli-engine.js:628:29)
    at /home/hcalderon/.vscode/extensions/dbaeumer.vscode-eslint-2.1.1/server/out/eslintServer.js:1:34933
    at ce (/home/hcalderon/.vscode/extensions/dbaeumer.vscode-eslint-2.1.1/server/out/eslintServer.js:1:44086)
    at f.then.r.validate (/home/hcalderon/.vscode/extensions/dbaeumer.vscode-eslint-2.1.1/server/out/eslintServer.js:1:34887)
    at processTicksAndRejections (internal/process/task_queues.js:89:5)
(node:4263) UnhandledPromiseRejectionWarning: Unhandled promise rejection. This error originated either by throwing inside of an async function without a catch block, or by rejecting a promise which was not handled with .catch(). (rejection id: 26)
(node:4263) UnhandledPromiseRejectionWarning: Unhandled promise rejection. This error originated either by throwing inside of an async function without a catch block, or by rejecting a promise which was not handled with .catch(). (rejection id: 26)
(node:4263) UnhandledPromiseRejectionWarning: Error: No ESLint configuration found.
    at Config.getLocalConfigHierarchy (/usr/local/lib/node_modules/eslint/lib/config.js:255:39)
    at Config.getConfigHierarchy (/usr/local/lib/node_modules/eslint/lib/config.js:179:43)
    at Config.getConfigVector (/usr/local/lib/node_modules/eslint/lib/config.js:286:21)
    at Config.getConfig (/usr/local/lib/node_modules/eslint/lib/config.js:329:29)
    at CLIEngine.getConfigForFile (/usr/local/lib/node_modules/eslint/lib/cli-engine.js:628:29)
    at /home/hcalderon/.vscode/extensions/dbaeumer.vscode-eslint-2.1.1/server/out/eslintServer.js:1:34933
    at ce (/home/hcalderon/.vscode/extensions/dbaeumer.vscode-eslint-2.1.1/server/out/eslintServer.js:1:44086)
    at f.then.r.validate (/home/hcalderon/.vscode/extensions/dbaeumer.vscode-eslint-2.1.1/server/out/eslintServer.js:1:34887)
    at processTicksAndRejections (internal/process/task_queues.js:89:5)
(node:4263) UnhandledPromiseRejectionWarning: Error: No ESLint configuration found.
    at Config.getLocalConfigHierarchy (/usr/local/lib/node_modules/eslint/lib/config.js:255:39)
    at Config.getConfigHierarchy (/usr/local/lib/node_modules/eslint/lib/config.js:179:43)
    at Config.getConfigVector (/usr/local/lib/node_modules/eslint/lib/config.js:286:21)
    at Config.getConfig (/usr/local/lib/node_modules/eslint/lib/config.js:329:29)
    at CLIEngine.getConfigForFile (/usr/local/lib/node_modules/eslint/lib/cli-engine.js:628:29)
    at /home/hcalderon/.vscode/extensions/dbaeumer.vscode-eslint-2.1.1/server/out/eslintServer.js:1:34933
    at ce (/home/hcalderon/.vscode/extensions/dbaeumer.vscode-eslint-2.1.1/server/out/eslintServer.js:1:44086)
    at f.then.r.validate (/home/hcalderon/.vscode/extensions/dbaeumer.vscode-eslint-2.1.1/server/out/eslintServer.js:1:34887)
    at processTicksAndRejections (internal/process/task_queues.js:89:5)
(node:4263) UnhandledPromiseRejectionWarning: Unhandled promise rejection. This error originated either by throwing inside of an async function without a catch block, or by rejecting a promise which was not handled with .catch(). (rejection id: 27)
(node:4263) UnhandledPromiseRejectionWarning: Unhandled promise rejection. This error originated either by throwing inside of an async function without a catch block, or by rejecting a promise which was not handled with .catch(). (rejection id: 27)
(node:4263) UnhandledPromiseRejectionWarning: Error: No ESLint configuration found.
    at Config.getLocalConfigHierarchy (/usr/local/lib/node_modules/eslint/lib/config.js:255:39)
    at Config.getConfigHierarchy (/usr/local/lib/node_modules/eslint/lib/config.js:179:43)
    at Config.getConfigVector (/usr/local/lib/node_modules/eslint/lib/config.js:286:21)
    at Config.getConfig (/usr/local/lib/node_modules/eslint/lib/config.js:329:29)
    at CLIEngine.getConfigForFile (/usr/local/lib/node_modules/eslint/lib/cli-engine.js:628:29)
    at /home/hcalderon/.vscode/extensions/dbaeumer.vscode-eslint-2.1.1/server/out/eslintServer.js:1:34933
    at ce (/home/hcalderon/.vscode/extensions/dbaeumer.vscode-eslint-2.1.1/server/out/eslintServer.js:1:44086)
    at f.then.r.validate (/home/hcalderon/.vscode/extensions/dbaeumer.vscode-eslint-2.1.1/server/out/eslintServer.js:1:34887)
    at processTicksAndRejections (internal/process/task_queues.js:89:5)
(node:4263) UnhandledPromiseRejectionWarning: Error: No ESLint configuration found.
    at Config.getLocalConfigHierarchy (/usr/local/lib/node_modules/eslint/lib/config.js:255:39)
    at Config.getConfigHierarchy (/usr/local/lib/node_modules/eslint/lib/config.js:179:43)
    at Config.getConfigVector (/usr/local/lib/node_modules/eslint/lib/config.js:286:21)
    at Config.getConfig (/usr/local/lib/node_modules/eslint/lib/config.js:329:29)
    at CLIEngine.getConfigForFile (/usr/local/lib/node_modules/eslint/lib/cli-engine.js:628:29)
    at /home/hcalderon/.vscode/extensions/dbaeumer.vscode-eslint-2.1.1/server/out/eslintServer.js:1:34933
    at ce (/home/hcalderon/.vscode/extensions/dbaeumer.vscode-eslint-2.1.1/server/out/eslintServer.js:1:44086)
    at f.then.r.validate (/home/hcalderon/.vscode/extensions/dbaeumer.vscode-eslint-2.1.1/server/out/eslintServer.js:1:34887)
    at processTicksAndRejections (internal/process/task_queues.js:89:5)
(node:4263) UnhandledPromiseRejectionWarning: Unhandled promise rejection. This error originated either by throwing inside of an async function without a catch block, or by rejecting a promise which was not handled with .catch(). (rejection id: 28)
(node:4263) UnhandledPromiseRejectionWarning: Unhandled promise rejection. This error originated either by throwing inside of an async function without a catch block, or by rejecting a promise which was not handled with .catch(). (rejection id: 28)
(node:4263) UnhandledPromiseRejectionWarning: Error: No ESLint configuration found.
    at Config.getLocalConfigHierarchy (/usr/local/lib/node_modules/eslint/lib/config.js:255:39)
    at Config.getConfigHierarchy (/usr/local/lib/node_modules/eslint/lib/config.js:179:43)
    at Config.getConfigVector (/usr/local/lib/node_modules/eslint/lib/config.js:286:21)
    at Config.getConfig (/usr/local/lib/node_modules/eslint/lib/config.js:329:29)
    at CLIEngine.getConfigForFile (/usr/local/lib/node_modules/eslint/lib/cli-engine.js:628:29)
    at /home/hcalderon/.vscode/extensions/dbaeumer.vscode-eslint-2.1.1/server/out/eslintServer.js:1:34933
    at ce (/home/hcalderon/.vscode/extensions/dbaeumer.vscode-eslint-2.1.1/server/out/eslintServer.js:1:44086)
    at f.then.r.validate (/home/hcalderon/.vscode/extensions/dbaeumer.vscode-eslint-2.1.1/server/out/eslintServer.js:1:34887)
    at processTicksAndRejections (internal/process/task_queues.js:89:5)
(node:4263) UnhandledPromiseRejectionWarning: Error: No ESLint configuration found.
    at Config.getLocalConfigHierarchy (/usr/local/lib/node_modules/eslint/lib/config.js:255:39)
    at Config.getConfigHierarchy (/usr/local/lib/node_modules/eslint/lib/config.js:179:43)
    at Config.getConfigVector (/usr/local/lib/node_modules/eslint/lib/config.js:286:21)
    at Config.getConfig (/usr/local/lib/node_modules/eslint/lib/config.js:329:29)
    at CLIEngine.getConfigForFile (/usr/local/lib/node_modules/eslint/lib/cli-engine.js:628:29)
    at /home/hcalderon/.vscode/extensions/dbaeumer.vscode-eslint-2.1.1/server/out/eslintServer.js:1:34933
    at ce (/home/hcalderon/.vscode/extensions/dbaeumer.vscode-eslint-2.1.1/server/out/eslintServer.js:1:44086)
    at f.then.r.validate (/home/hcalderon/.vscode/extensions/dbaeumer.vscode-eslint-2.1.1/server/out/eslintServer.js:1:34887)
    at processTicksAndRejections (internal/process/task_queues.js:89:5)
(node:4263) UnhandledPromiseRejectionWarning: Unhandled promise rejection. This error originated either by throwing inside of an async function without a catch block, or by rejecting a promise which was not handled with .catch(). (rejection id: 29)
(node:4263) UnhandledPromiseRejectionWarning: Unhandled promise rejection. This error originated either by throwing inside of an async function without a catch block, or by rejecting a promise which was not handled with .catch(). (rejection id: 29)
(node:4263) UnhandledPromiseRejectionWarning: Error: No ESLint configuration found.
    at Config.getLocalConfigHierarchy (/usr/local/lib/node_modules/eslint/lib/config.js:255:39)
    at Config.getConfigHierarchy (/usr/local/lib/node_modules/eslint/lib/config.js:179:43)
    at Config.getConfigVector (/usr/local/lib/node_modules/eslint/lib/config.js:286:21)
    at Config.getConfig (/usr/local/lib/node_modules/eslint/lib/config.js:329:29)
    at CLIEngine.getConfigForFile (/usr/local/lib/node_modules/eslint/lib/cli-engine.js:628:29)
    at /home/hcalderon/.vscode/extensions/dbaeumer.vscode-eslint-2.1.1/server/out/eslintServer.js:1:34933
    at ce (/home/hcalderon/.vscode/extensions/dbaeumer.vscode-eslint-2.1.1/server/out/eslintServer.js:1:44086)
    at f.then.r.validate (/home/hcalderon/.vscode/extensions/dbaeumer.vscode-eslint-2.1.1/server/out/eslintServer.js:1:34887)
    at processTicksAndRejections (internal/process/task_queues.js:89:5)
(node:4263) UnhandledPromiseRejectionWarning: Error: No ESLint configuration found.
    at Config.getLocalConfigHierarchy (/usr/local/lib/node_modules/eslint/lib/config.js:255:39)
    at Config.getConfigHierarchy (/usr/local/lib/node_modules/eslint/lib/config.js:179:43)
    at Config.getConfigVector (/usr/local/lib/node_modules/eslint/lib/config.js:286:21)
    at Config.getConfig (/usr/local/lib/node_modules/eslint/lib/config.js:329:29)
    at CLIEngine.getConfigForFile (/usr/local/lib/node_modules/eslint/lib/cli-engine.js:628:29)
    at /home/hcalderon/.vscode/extensions/dbaeumer.vscode-eslint-2.1.1/server/out/eslintServer.js:1:34933
    at ce (/home/hcalderon/.vscode/extensions/dbaeumer.vscode-eslint-2.1.1/server/out/eslintServer.js:1:44086)
    at f.then.r.validate (/home/hcalderon/.vscode/extensions/dbaeumer.vscode-eslint-2.1.1/server/out/eslintServer.js:1:34887)
    at processTicksAndRejections (internal/process/task_queues.js:89:5)
(node:4263) UnhandledPromiseRejectionWarning: Unhandled promise rejection. This error originated either by throwing inside of an async function without a catch block, or by rejecting a promise which was not handled with .catch(). (rejection id: 30)
(node:4263) UnhandledPromiseRejectionWarning: Unhandled promise rejection. This error originated either by throwing inside of an async function without a catch block, or by rejecting a promise which was not handled with .catch(). (rejection id: 30)
(node:4263) UnhandledPromiseRejectionWarning: Error: No ESLint configuration found.
    at Config.getLocalConfigHierarchy (/usr/local/lib/node_modules/eslint/lib/config.js:255:39)
    at Config.getConfigHierarchy (/usr/local/lib/node_modules/eslint/lib/config.js:179:43)
    at Config.getConfigVector (/usr/local/lib/node_modules/eslint/lib/config.js:286:21)
    at Config.getConfig (/usr/local/lib/node_modules/eslint/lib/config.js:329:29)
    at CLIEngine.getConfigForFile (/usr/local/lib/node_modules/eslint/lib/cli-engine.js:628:29)
    at /home/hcalderon/.vscode/extensions/dbaeumer.vscode-eslint-2.1.1/server/out/eslintServer.js:1:34933
    at ce (/home/hcalderon/.vscode/extensions/dbaeumer.vscode-eslint-2.1.1/server/out/eslintServer.js:1:44086)
    at f.then.r.validate (/home/hcalderon/.vscode/extensions/dbaeumer.vscode-eslint-2.1.1/server/out/eslintServer.js:1:34887)
    at processTicksAndRejections (internal/process/task_queues.js:89:5)
(node:4263) UnhandledPromiseRejectionWarning: Error: No ESLint configuration found.
    at Config.getLocalConfigHierarchy (/usr/local/lib/node_modules/eslint/lib/config.js:255:39)
    at Config.getConfigHierarchy (/usr/local/lib/node_modules/eslint/lib/config.js:179:43)
    at Config.getConfigVector (/usr/local/lib/node_modules/eslint/lib/config.js:286:21)
    at Config.getConfig (/usr/local/lib/node_modules/eslint/lib/config.js:329:29)
    at CLIEngine.getConfigForFile (/usr/local/lib/node_modules/eslint/lib/cli-engine.js:628:29)
    at /home/hcalderon/.vscode/extensions/dbaeumer.vscode-eslint-2.1.1/server/out/eslintServer.js:1:34933
    at ce (/home/hcalderon/.vscode/extensions/dbaeumer.vscode-eslint-2.1.1/server/out/eslintServer.js:1:44086)
    at f.then.r.validate (/home/hcalderon/.vscode/extensions/dbaeumer.vscode-eslint-2.1.1/server/out/eslintServer.js:1:34887)
    at processTicksAndRejections (internal/process/task_queues.js:89:5)
(node:4263) UnhandledPromiseRejectionWarning: Unhandled promise rejection. This error originated either by throwing inside of an async function without a catch block, or by rejecting a promise which was not handled with .catch(). (rejection id: 31)
(node:4263) UnhandledPromiseRejectionWarning: Unhandled promise rejection. This error originated either by throwing inside of an async function without a catch block, or by rejecting a promise which was not handled with .catch(). (rejection id: 31)
(node:4263) UnhandledPromiseRejectionWarning: Error: No ESLint configuration found.
    at Config.getLocalConfigHierarchy (/usr/local/lib/node_modules/eslint/lib/config.js:255:39)
    at Config.getConfigHierarchy (/usr/local/lib/node_modules/eslint/lib/config.js:179:43)
    at Config.getConfigVector (/usr/local/lib/node_modules/eslint/lib/config.js:286:21)
    at Config.getConfig (/usr/local/lib/node_modules/eslint/lib/config.js:329:29)
    at CLIEngine.getConfigForFile (/usr/local/lib/node_modules/eslint/lib/cli-engine.js:628:29)
    at /home/hcalderon/.vscode/extensions/dbaeumer.vscode-eslint-2.1.1/server/out/eslintServer.js:1:34933
    at ce (/home/hcalderon/.vscode/extensions/dbaeumer.vscode-eslint-2.1.1/server/out/eslintServer.js:1:44086)
    at f.then.r.validate (/home/hcalderon/.vscode/extensions/dbaeumer.vscode-eslint-2.1.1/server/out/eslintServer.js:1:34887)
    at processTicksAndRejections (internal/process/task_queues.js:89:5)
(node:4263) UnhandledPromiseRejectionWarning: Error: No ESLint configuration found.
    at Config.getLocalConfigHierarchy (/usr/local/lib/node_modules/eslint/lib/config.js:255:39)
    at Config.getConfigHierarchy (/usr/local/lib/node_modules/eslint/lib/config.js:179:43)
    at Config.getConfigVector (/usr/local/lib/node_modules/eslint/lib/config.js:286:21)
    at Config.getConfig (/usr/local/lib/node_modules/eslint/lib/config.js:329:29)
    at CLIEngine.getConfigForFile (/usr/local/lib/node_modules/eslint/lib/cli-engine.js:628:29)
    at /home/hcalderon/.vscode/extensions/dbaeumer.vscode-eslint-2.1.1/server/out/eslintServer.js:1:34933
    at ce (/home/hcalderon/.vscode/extensions/dbaeumer.vscode-eslint-2.1.1/server/out/eslintServer.js:1:44086)
    at f.then.r.validate (/home/hcalderon/.vscode/extensions/dbaeumer.vscode-eslint-2.1.1/server/out/eslintServer.js:1:34887)
    at processTicksAndRejections (internal/process/task_queues.js:89:5)
(node:4263) UnhandledPromiseRejectionWarning: Unhandled promise rejection. This error originated either by throwing inside of an async function without a catch block, or by rejecting a promise which was not handled with .catch(). (rejection id: 32)
(node:4263) UnhandledPromiseRejectionWarning: Unhandled promise rejection. This error originated either by throwing inside of an async function without a catch block, or by rejecting a promise which was not handled with .catch(). (rejection id: 32)
(node:4263) UnhandledPromiseRejectionWarning: Error: No ESLint configuration found.
    at Config.getLocalConfigHierarchy (/usr/local/lib/node_modules/eslint/lib/config.js:255:39)
    at Config.getConfigHierarchy (/usr/local/lib/node_modules/eslint/lib/config.js:179:43)
    at Config.getConfigVector (/usr/local/lib/node_modules/eslint/lib/config.js:286:21)
    at Config.getConfig (/usr/local/lib/node_modules/eslint/lib/config.js:329:29)
    at CLIEngine.getConfigForFile (/usr/local/lib/node_modules/eslint/lib/cli-engine.js:628:29)
    at /home/hcalderon/.vscode/extensions/dbaeumer.vscode-eslint-2.1.1/server/out/eslintServer.js:1:34933
    at ce (/home/hcalderon/.vscode/extensions/dbaeumer.vscode-eslint-2.1.1/server/out/eslintServer.js:1:44086)
    at f.then.r.validate (/home/hcalderon/.vscode/extensions/dbaeumer.vscode-eslint-2.1.1/server/out/eslintServer.js:1:34887)
    at processTicksAndRejections (internal/process/task_queues.js:89:5)
(node:4263) UnhandledPromiseRejectionWarning: Error: No ESLint configuration found.
    at Config.getLocalConfigHierarchy (/usr/local/lib/node_modules/eslint/lib/config.js:255:39)
    at Config.getConfigHierarchy (/usr/local/lib/node_modules/eslint/lib/config.js:179:43)
    at Config.getConfigVector (/usr/local/lib/node_modules/eslint/lib/config.js:286:21)
    at Config.getConfig (/usr/local/lib/node_modules/eslint/lib/config.js:329:29)
    at CLIEngine.getConfigForFile (/usr/local/lib/node_modules/eslint/lib/cli-engine.js:628:29)
    at /home/hcalderon/.vscode/extensions/dbaeumer.vscode-eslint-2.1.1/server/out/eslintServer.js:1:34933
    at ce (/home/hcalderon/.vscode/extensions/dbaeumer.vscode-eslint-2.1.1/server/out/eslintServer.js:1:44086)
    at f.then.r.validate (/home/hcalderon/.vscode/extensions/dbaeumer.vscode-eslint-2.1.1/server/out/eslintServer.js:1:34887)
    at processTicksAndRejections (internal/process/task_queues.js:89:5)
(node:4263) UnhandledPromiseRejectionWarning: Unhandled promise rejection. This error originated either by throwing inside of an async function without a catch block, or by rejecting a promise which was not handled with .catch(). (rejection id: 33)
(node:4263) UnhandledPromiseRejectionWarning: Unhandled promise rejection. This error originated either by throwing inside of an async function without a catch block, or by rejecting a promise which was not handled with .catch(). (rejection id: 33)
(node:4263) UnhandledPromiseRejectionWarning: Error: No ESLint configuration found.
    at Config.getLocalConfigHierarchy (/usr/local/lib/node_modules/eslint/lib/config.js:255:39)
    at Config.getConfigHierarchy (/usr/local/lib/node_modules/eslint/lib/config.js:179:43)
    at Config.getConfigVector (/usr/local/lib/node_modules/eslint/lib/config.js:286:21)
    at Config.getConfig (/usr/local/lib/node_modules/eslint/lib/config.js:329:29)
    at CLIEngine.getConfigForFile (/usr/local/lib/node_modules/eslint/lib/cli-engine.js:628:29)
    at /home/hcalderon/.vscode/extensions/dbaeumer.vscode-eslint-2.1.1/server/out/eslintServer.js:1:34933
    at ce (/home/hcalderon/.vscode/extensions/dbaeumer.vscode-eslint-2.1.1/server/out/eslintServer.js:1:44086)
    at f.then.r.validate (/home/hcalderon/.vscode/extensions/dbaeumer.vscode-eslint-2.1.1/server/out/eslintServer.js:1:34887)
    at processTicksAndRejections (internal/process/task_queues.js:89:5)
(node:4263) UnhandledPromiseRejectionWarning: Error: No ESLint configuration found.
    at Config.getLocalConfigHierarchy (/usr/local/lib/node_modules/eslint/lib/config.js:255:39)
    at Config.getConfigHierarchy (/usr/local/lib/node_modules/eslint/lib/config.js:179:43)
    at Config.getConfigVector (/usr/local/lib/node_modules/eslint/lib/config.js:286:21)
    at Config.getConfig (/usr/local/lib/node_modules/eslint/lib/config.js:329:29)
    at CLIEngine.getConfigForFile (/usr/local/lib/node_modules/eslint/lib/cli-engine.js:628:29)
    at /home/hcalderon/.vscode/extensions/dbaeumer.vscode-eslint-2.1.1/server/out/eslintServer.js:1:34933
    at ce (/home/hcalderon/.vscode/extensions/dbaeumer.vscode-eslint-2.1.1/server/out/eslintServer.js:1:44086)
    at f.then.r.validate (/home/hcalderon/.vscode/extensions/dbaeumer.vscode-eslint-2.1.1/server/out/eslintServer.js:1:34887)
    at processTicksAndRejections (internal/process/task_queues.js:89:5)
(node:4263) UnhandledPromiseRejectionWarning: Unhandled promise rejection. This error originated either by throwing inside of an async function without a catch block, or by rejecting a promise which was not handled with .catch(). (rejection id: 34)
(node:4263) UnhandledPromiseRejectionWarning: Unhandled promise rejection. This error originated either by throwing inside of an async function without a catch block, or by rejecting a promise which was not handled with .catch(). (rejection id: 34)
[Info  - 7:55:17 PM] ESLint server stopped.
